This file contains any messages produced by compilers while
running configure, to aid debugging if configure makes a mistake.

It was created by QuickFIX configure 1.16.0, which was
generated by GNU Autoconf 2.71.  Invocation command line was

  $ ./configure --with-openssl=/usr --prefix=/usr/local

## --------- ##
## Platform. ##
## --------- ##

hostname = THANH-ALPHAH
uname -m = x86_64
uname -r = 5.15.167.4-microsoft-standard-WSL2
uname -s = Linux
uname -v = #1 SMP Tue Nov 5 00:21:55 UTC 2024

/usr/bin/uname -p = x86_64
/bin/uname -X     = unknown

/bin/arch              = x86_64
/usr/bin/arch -k       = unknown
/usr/convex/getsysinfo = unknown
/usr/bin/hostinfo      = unknown
/bin/machine           = unknown
/usr/bin/oslevel       = unknown
/bin/universe          = unknown

PATH: /usr/local/sbin/
PATH: /usr/local/bin/
PATH: /usr/sbin/
PATH: /usr/bin/
PATH: /sbin/
PATH: /bin/
PATH: /snap/bin/


## ----------- ##
## Core tests. ##
## ----------- ##

configure:2951: looking for aux files: config.guess config.sub ltmain.sh compile missing install-sh
configure:2964:  trying ./config/
configure:2993:   ./config/config.guess found
configure:2993:   ./config/config.sub found
configure:2993:   ./config/ltmain.sh found
configure:2993:   ./config/compile found
configure:2993:   ./config/missing found
configure:2975:   ./config/install-sh found
configure:3223: checking for a BSD-compatible install
configure:3296: result: /usr/bin/install -c
configure:3307: checking whether build environment is sane
configure:3362: result: yes
configure:3521: checking for a race-free mkdir -p
configure:3565: result: /usr/bin/mkdir -p
configure:3572: checking for gawk
configure:3593: found /usr/bin/gawk
configure:3604: result: gawk
configure:3615: checking whether make sets $(MAKE)
configure:3638: result: yes
configure:3668: checking whether make supports nested variables
configure:3686: result: yes
configure:3893: checking for g++
configure:3914: found /usr/bin/g++
configure:3925: result: g++
configure:3952: checking for C++ compiler version
configure:3961: g++ --version >&5
g++ (Ubuntu 11.4.0-1ubuntu1~22.04) 11.4.0
Copyright (C) 2021 Free Software Foundation, Inc.
This is free software; see the source for copying conditions.  There is NO
warranty; not even for MERCHANTABILITY or FITNESS FOR A PARTICULAR PURPOSE.

configure:3972: $? = 0
configure:3961: g++ -v >&5
Using built-in specs.
COLLECT_GCC=g++
COLLECT_LTO_WRAPPER=/usr/lib/gcc/x86_64-linux-gnu/11/lto-wrapper
OFFLOAD_TARGET_NAMES=nvptx-none:amdgcn-amdhsa
OFFLOAD_TARGET_DEFAULT=1
Target: x86_64-linux-gnu
Configured with: ../src/configure -v --with-pkgversion='Ubuntu 11.4.0-1ubuntu1~22.04' --with-bugurl=file:///usr/share/doc/gcc-11/README.Bugs --enable-languages=c,ada,c++,go,brig,d,fortran,objc,obj-c++,m2 --prefix=/usr --with-gcc-major-version-only --program-suffix=-11 --program-prefix=x86_64-linux-gnu- --enable-shared --enable-linker-build-id --libexecdir=/usr/lib --without-included-gettext --enable-threads=posix --libdir=/usr/lib --enable-nls --enable-bootstrap --enable-clocale=gnu --enable-libstdcxx-debug --enable-libstdcxx-time=yes --with-default-libstdcxx-abi=new --enable-gnu-unique-object --disable-vtable-verify --enable-plugin --enable-default-pie --with-system-zlib --enable-libphobos-checking=release --with-target-system-zlib=auto --enable-objc-gc=auto --enable-multiarch --disable-werror --enable-cet --with-arch-32=i686 --with-abi=m64 --with-multilib-list=m32,m64,mx32 --enable-multilib --with-tune=generic --enable-offload-targets=nvptx-none=/build/gcc-11-XeT9lY/gcc-11-11.4.0/debian/tmp-nvptx/usr,amdgcn-amdhsa=/build/gcc-11-XeT9lY/gcc-11-11.4.0/debian/tmp-gcn/usr --without-cuda-driver --enable-checking=release --build=x86_64-linux-gnu --host=x86_64-linux-gnu --target=x86_64-linux-gnu --with-build-config=bootstrap-lto-lean --enable-link-serialization=2
Thread model: posix
Supported LTO compression algorithms: zlib zstd
gcc version 11.4.0 (Ubuntu 11.4.0-1ubuntu1~22.04) 
... rest of stderr output deleted ...
configure:3972: $? = 0
configure:3961: g++ -V >&5
g++: error: unrecognized command-line option '-V'
g++: fatal error: no input files
compilation terminated.
configure:3972: $? = 1
configure:3961: g++ -qversion >&5
g++: error: unrecognized command-line option '-qversion'; did you mean '--version'?
g++: fatal error: no input files
compilation terminated.
configure:3972: $? = 1
configure:3992: checking whether the C++ compiler works
configure:4014: g++    conftest.cpp  >&5
configure:4018: $? = 0
configure:4068: result: yes
configure:4071: checking for C++ compiler default output file name
configure:4073: result: a.out
configure:4079: checking for suffix of executables
configure:4086: g++ -o conftest    conftest.cpp  >&5
configure:4090: $? = 0
configure:4113: result: 
configure:4135: checking whether we are cross compiling
configure:4143: g++ -o conftest    conftest.cpp  >&5
configure:4147: $? = 0
configure:4154: ./conftest
configure:4158: $? = 0
configure:4173: result: no
configure:4178: checking for suffix of object files
configure:4201: g++ -c   conftest.cpp >&5
configure:4205: $? = 0
configure:4227: result: o
configure:4231: checking whether the compiler supports GNU C++
configure:4251: g++ -c   conftest.cpp >&5
configure:4251: $? = 0
configure:4261: result: yes
configure:4272: checking whether g++ accepts -g
configure:4293: g++ -c -g  conftest.cpp >&5
configure:4293: $? = 0
configure:4337: result: yes
configure:4357: checking for g++ option to enable C++11 features
configure:4372: g++  -c -g -O2  conftest.cpp >&5
conftest.cpp: In function 'int main(int, char**)':
conftest.cpp:177:25: warning: empty parentheses were disambiguated as a function declaration [-Wvexing-parse]
  177 |   cxx11test::delegate d2();
      |                         ^~
conftest.cpp:177:25: note: remove parentheses to default-initialize a variable
  177 |   cxx11test::delegate d2();
      |                         ^~
      |                         --
conftest.cpp:177:25: note: or replace parentheses with braces to value-initialize a variable
configure:4372: $? = 0
configure:4390: result: none needed
configure:4457: checking whether make supports the include directive
configure:4472: make -f confmf.GNU && cat confinc.out
this is the am__doit target
configure:4475: $? = 0
configure:4494: result: yes (GNU style)
configure:4520: checking dependency style of g++
configure:4632: result: gcc3
configure:4709: checking for gcc
configure:4730: found /usr/bin/gcc
configure:4741: result: gcc
configure:5094: checking for C compiler version
configure:5103: gcc --version >&5
gcc (Ubuntu 11.4.0-1ubuntu1~22.04) 11.4.0
Copyright (C) 2021 Free Software Foundation, Inc.
This is free software; see the source for copying conditions.  There is NO
warranty; not even for MERCHANTABILITY or FITNESS FOR A PARTICULAR PURPOSE.

configure:5114: $? = 0
configure:5103: gcc -v >&5
Using built-in specs.
COLLECT_GCC=gcc
COLLECT_LTO_WRAPPER=/usr/lib/gcc/x86_64-linux-gnu/11/lto-wrapper
OFFLOAD_TARGET_NAMES=nvptx-none:amdgcn-amdhsa
OFFLOAD_TARGET_DEFAULT=1
Target: x86_64-linux-gnu
Configured with: ../src/configure -v --with-pkgversion='Ubuntu 11.4.0-1ubuntu1~22.04' --with-bugurl=file:///usr/share/doc/gcc-11/README.Bugs --enable-languages=c,ada,c++,go,brig,d,fortran,objc,obj-c++,m2 --prefix=/usr --with-gcc-major-version-only --program-suffix=-11 --program-prefix=x86_64-linux-gnu- --enable-shared --enable-linker-build-id --libexecdir=/usr/lib --without-included-gettext --enable-threads=posix --libdir=/usr/lib --enable-nls --enable-bootstrap --enable-clocale=gnu --enable-libstdcxx-debug --enable-libstdcxx-time=yes --with-default-libstdcxx-abi=new --enable-gnu-unique-object --disable-vtable-verify --enable-plugin --enable-default-pie --with-system-zlib --enable-libphobos-checking=release --with-target-system-zlib=auto --enable-objc-gc=auto --enable-multiarch --disable-werror --enable-cet --with-arch-32=i686 --with-abi=m64 --with-multilib-list=m32,m64,mx32 --enable-multilib --with-tune=generic --enable-offload-targets=nvptx-none=/build/gcc-11-XeT9lY/gcc-11-11.4.0/debian/tmp-nvptx/usr,amdgcn-amdhsa=/build/gcc-11-XeT9lY/gcc-11-11.4.0/debian/tmp-gcn/usr --without-cuda-driver --enable-checking=release --build=x86_64-linux-gnu --host=x86_64-linux-gnu --target=x86_64-linux-gnu --with-build-config=bootstrap-lto-lean --enable-link-serialization=2
Thread model: posix
Supported LTO compression algorithms: zlib zstd
gcc version 11.4.0 (Ubuntu 11.4.0-1ubuntu1~22.04) 
... rest of stderr output deleted ...
configure:5114: $? = 0
configure:5103: gcc -V >&5
gcc: error: unrecognized command-line option '-V'
gcc: fatal error: no input files
compilation terminated.
configure:5114: $? = 1
configure:5103: gcc -qversion >&5
gcc: error: unrecognized command-line option '-qversion'; did you mean '--version'?
gcc: fatal error: no input files
compilation terminated.
configure:5114: $? = 1
configure:5103: gcc -version >&5
gcc: error: unrecognized command-line option '-version'
gcc: fatal error: no input files
compilation terminated.
configure:5114: $? = 1
configure:5118: checking whether the compiler supports GNU C
configure:5138: gcc -c   conftest.c >&5
configure:5138: $? = 0
configure:5148: result: yes
configure:5159: checking whether gcc accepts -g
configure:5180: gcc -c -g  conftest.c >&5
configure:5180: $? = 0
configure:5224: result: yes
configure:5244: checking for gcc option to enable C11 features
configure:5259: gcc  -c -g -O2  conftest.c >&5
configure:5259: $? = 0
configure:5277: result: none needed
configure:5393: checking whether gcc understands -c and -o together
configure:5416: gcc -c conftest.c -o conftest2.o
configure:5419: $? = 0
configure:5416: gcc -c conftest.c -o conftest2.o
configure:5419: $? = 0
configure:5431: result: yes
configure:5450: checking dependency style of gcc
configure:5562: result: gcc3
configure:5582: checking how to run the C preprocessor
configure:5608: gcc -E  conftest.c
configure:5608: $? = 0
configure:5623: gcc -E  conftest.c
conftest.c:11:10: fatal error: ac_nonexistent.h: No such file or directory
   11 | #include <ac_nonexistent.h>
      |          ^~~~~~~~~~~~~~~~~~
compilation terminated.
configure:5623: $? = 1
configure: failed program was:
| /* confdefs.h */
| #define PACKAGE_NAME "QuickFIX"
| #define PACKAGE_TARNAME "quickfix"
| #define PACKAGE_VERSION "1.16.0"
| #define PACKAGE_STRING "QuickFIX 1.16.0"
| #define PACKAGE_BUGREPORT "ask@quickfixengine.org"
| #define PACKAGE_URL ""
| #define PACKAGE "quickfix"
| #define VERSION "1.16.0"
| /* end confdefs.h.  */
| #include <ac_nonexistent.h>
configure:5650: result: gcc -E
configure:5664: gcc -E  conftest.c
configure:5664: $? = 0
configure:5679: gcc -E  conftest.c
conftest.c:11:10: fatal error: ac_nonexistent.h: No such file or directory
   11 | #include <ac_nonexistent.h>
      |          ^~~~~~~~~~~~~~~~~~
compilation terminated.
configure:5679: $? = 1
configure: failed program was:
| /* confdefs.h */
| #define PACKAGE_NAME "QuickFIX"
| #define PACKAGE_TARNAME "quickfix"
| #define PACKAGE_VERSION "1.16.0"
| #define PACKAGE_STRING "QuickFIX 1.16.0"
| #define PACKAGE_BUGREPORT "ask@quickfixengine.org"
| #define PACKAGE_URL ""
| #define PACKAGE "quickfix"
| #define VERSION "1.16.0"
| /* end confdefs.h.  */
| #include <ac_nonexistent.h>
configure:5774: checking build system type
configure:5789: result: x86_64-pc-linux-gnu
configure:5809: checking host system type
configure:5823: result: x86_64-pc-linux-gnu
configure:5864: checking how to print strings
configure:5891: result: printf
configure:5912: checking for a sed that does not truncate output
configure:5982: result: /usr/bin/sed
configure:6000: checking for grep that handles long lines and -e
configure:6064: result: /usr/bin/grep
configure:6069: checking for egrep
configure:6137: result: /usr/bin/grep -E
configure:6142: checking for fgrep
configure:6210: result: /usr/bin/grep -F
configure:6246: checking for ld used by gcc
configure:6314: result: /usr/bin/ld
configure:6321: checking if the linker (/usr/bin/ld) is GNU ld
configure:6337: result: yes
configure:6349: checking for BSD- or MS-compatible name lister (nm)
configure:6404: result: /usr/bin/nm -B
configure:6544: checking the name lister (/usr/bin/nm -B) interface
configure:6552: gcc -c -g -O2  conftest.c >&5
configure:6555: /usr/bin/nm -B "conftest.o"
configure:6558: output
0000000000000000 B some_variable
configure:6565: result: BSD nm
configure:6568: checking whether ln -s works
configure:6572: result: yes
configure:6580: checking the maximum length of command line arguments
configure:6712: result: 1572864
configure:6760: checking how to convert x86_64-pc-linux-gnu file names to x86_64-pc-linux-gnu format
configure:6801: result: func_convert_file_noop
configure:6808: checking how to convert x86_64-pc-linux-gnu file names to toolchain format
configure:6829: result: func_convert_file_noop
configure:6836: checking for /usr/bin/ld option to reload object files
configure:6844: result: -r
configure:6923: checking for objdump
configure:6944: found /usr/bin/objdump
configure:6955: result: objdump
configure:6987: checking how to recognize dependent libraries
configure:7188: result: pass_all
configure:7278: checking for dlltool
configure:7313: result: no
configure:7343: checking how to associate runtime and link libraries
configure:7371: result: printf %s\n
configure:7437: checking for ar
configure:7458: found /usr/bin/ar
configure:7469: result: ar
configure:7506: checking for archiver @FILE support
configure:7524: gcc -c -g -O2  conftest.c >&5
configure:7524: $? = 0
configure:7528: ar cr libconftest.a @conftest.lst >&5
configure:7531: $? = 0
configure:7536: ar cr libconftest.a @conftest.lst >&5
ar: conftest.o: No such file or directory
configure:7539: $? = 1
configure:7551: result: @
configure:7614: checking for strip
configure:7635: found /usr/bin/strip
configure:7646: result: strip
configure:7723: checking for ranlib
configure:7744: found /usr/bin/ranlib
configure:7755: result: ranlib
configure:7857: checking command to parse /usr/bin/nm -B output from gcc object
configure:8011: gcc -c -g -O2  conftest.c >&5
configure:8014: $? = 0
configure:8018: /usr/bin/nm -B conftest.o | sed -n -e 's/^.*[	 ]\([ABCDGIRSTW][ABCDGIRSTW]*\)[	 ][	 ]*\([_A-Za-z][_A-Za-z0-9]*\)$/\1 \2 \2/p' | sed '/ __gnu_lto/d' > conftest.nm
configure:8084: gcc -o conftest -g -O2   conftest.c conftstm.o >&5
configure:8087: $? = 0
configure:8125: result: ok
configure:8172: checking for sysroot
configure:8203: result: no
configure:8210: checking for a working dd
configure:8254: result: /usr/bin/dd
configure:8258: checking how to truncate binary pipes
configure:8274: result: /usr/bin/dd bs=4096 count=1
configure:8411: gcc -c -g -O2  conftest.c >&5
configure:8414: $? = 0
configure:8611: checking for mt
configure:8632: found /usr/bin/mt
configure:8643: result: mt
configure:8666: checking if mt is a manifest tool
configure:8673: mt '-?'
configure:8681: result: no
configure:9411: checking for stdio.h
configure:9411: gcc -c -g -O2  conftest.c >&5
configure:9411: $? = 0
configure:9411: result: yes
configure:9411: checking for stdlib.h
configure:9411: gcc -c -g -O2  conftest.c >&5
configure:9411: $? = 0
configure:9411: result: yes
configure:9411: checking for string.h
configure:9411: gcc -c -g -O2  conftest.c >&5
configure:9411: $? = 0
configure:9411: result: yes
configure:9411: checking for inttypes.h
configure:9411: gcc -c -g -O2  conftest.c >&5
configure:9411: $? = 0
configure:9411: result: yes
configure:9411: checking for stdint.h
configure:9411: gcc -c -g -O2  conftest.c >&5
configure:9411: $? = 0
configure:9411: result: yes
configure:9411: checking for strings.h
configure:9411: gcc -c -g -O2  conftest.c >&5
configure:9411: $? = 0
configure:9411: result: yes
configure:9411: checking for sys/stat.h
configure:9411: gcc -c -g -O2  conftest.c >&5
configure:9411: $? = 0
configure:9411: result: yes
configure:9411: checking for sys/types.h
configure:9411: gcc -c -g -O2  conftest.c >&5
configure:9411: $? = 0
configure:9411: result: yes
configure:9411: checking for unistd.h
configure:9411: gcc -c -g -O2  conftest.c >&5
configure:9411: $? = 0
configure:9411: result: yes
configure:9436: checking for dlfcn.h
configure:9436: gcc -c -g -O2  conftest.c >&5
configure:9436: $? = 0
configure:9436: result: yes
configure:9675: checking for objdir
configure:9691: result: .libs
configure:9955: checking if gcc supports -fno-rtti -fno-exceptions
configure:9974: gcc -c -g -O2  -fno-rtti -fno-exceptions conftest.c >&5
cc1: warning: command-line option '-fno-rtti' is valid for C++/D/ObjC++ but not for C
configure:9978: $? = 0
configure:9991: result: no
configure:10355: checking for gcc option to produce PIC
configure:10363: result: -fPIC -DPIC
configure:10371: checking if gcc PIC flag -fPIC -DPIC works
configure:10390: gcc -c -g -O2  -fPIC -DPIC -DPIC conftest.c >&5
configure:10394: $? = 0
configure:10407: result: yes
configure:10436: checking if gcc static flag -static works
configure:10465: result: yes
configure:10480: checking if gcc supports -c -o file.o
configure:10502: gcc -c -g -O2  -o out/conftest2.o conftest.c >&5
configure:10506: $? = 0
configure:10528: result: yes
configure:10536: checking if gcc supports -c -o file.o
configure:10584: result: yes
configure:10617: checking whether the gcc linker (/usr/bin/ld -m elf_x86_64) supports shared libraries
configure:11887: result: yes
configure:11924: checking whether -lc should be explicitly linked in
configure:11933: gcc -c -g -O2  conftest.c >&5
configure:11936: $? = 0
configure:11951: gcc -shared  -fPIC -DPIC conftest.o  -v -Wl,-soname -Wl,conftest -o conftest 2\>\&1 \| /usr/bin/grep  -lc  \>/dev/null 2\>\&1
configure:11954: $? = 0
configure:11968: result: no
configure:12128: checking dynamic linker characteristics
configure:12710: gcc -o conftest -g -O2   -Wl,-rpath -Wl,/foo conftest.c  >&5
configure:12710: $? = 0
configure:12961: result: GNU/Linux ld.so
configure:13083: checking how to hardcode library paths into programs
configure:13108: result: immediate
configure:13660: checking whether stripping libraries is possible
configure:13665: result: yes
configure:13700: checking if libtool supports shared libraries
configure:13702: result: yes
configure:13705: checking whether to build shared libraries
configure:13730: result: yes
configure:13733: checking whether to build static libraries
configure:13737: result: no
configure:13760: checking how to run the C++ preprocessor
configure:13782: g++ -E  conftest.cpp
configure:13782: $? = 0
configure:13797: g++ -E  conftest.cpp
conftest.cpp:23:10: fatal error: ac_nonexistent.h: No such file or directory
   23 | #include <ac_nonexistent.h>
      |          ^~~~~~~~~~~~~~~~~~
compilation terminated.
configure:13797: $? = 1
configure: failed program was:
| /* confdefs.h */
| #define PACKAGE_NAME "QuickFIX"
| #define PACKAGE_TARNAME "quickfix"
| #define PACKAGE_VERSION "1.16.0"
| #define PACKAGE_STRING "QuickFIX 1.16.0"
| #define PACKAGE_BUGREPORT "ask@quickfixengine.org"
| #define PACKAGE_URL ""
| #define PACKAGE "quickfix"
| #define VERSION "1.16.0"
| #define HAVE_STDIO_H 1
| #define HAVE_STDLIB_H 1
| #define HAVE_STRING_H 1
| #define HAVE_INTTYPES_H 1
| #define HAVE_STDINT_H 1
| #define HAVE_STRINGS_H 1
| #define HAVE_SYS_STAT_H 1
| #define HAVE_SYS_TYPES_H 1
| #define HAVE_UNISTD_H 1
| #define STDC_HEADERS 1
| #define HAVE_DLFCN_H 1
| #define LT_OBJDIR ".libs/"
| /* end confdefs.h.  */
| #include <ac_nonexistent.h>
configure:13824: result: g++ -E
configure:13838: g++ -E  conftest.cpp
configure:13838: $? = 0
configure:13853: g++ -E  conftest.cpp
conftest.cpp:23:10: fatal error: ac_nonexistent.h: No such file or directory
   23 | #include <ac_nonexistent.h>
      |          ^~~~~~~~~~~~~~~~~~
compilation terminated.
configure:13853: $? = 1
configure: failed program was:
| /* confdefs.h */
| #define PACKAGE_NAME "QuickFIX"
| #define PACKAGE_TARNAME "quickfix"
| #define PACKAGE_VERSION "1.16.0"
| #define PACKAGE_STRING "QuickFIX 1.16.0"
| #define PACKAGE_BUGREPORT "ask@quickfixengine.org"
| #define PACKAGE_URL ""
| #define PACKAGE "quickfix"
| #define VERSION "1.16.0"
| #define HAVE_STDIO_H 1
| #define HAVE_STDLIB_H 1
| #define HAVE_STRING_H 1
| #define HAVE_INTTYPES_H 1
| #define HAVE_STDINT_H 1
| #define HAVE_STRINGS_H 1
| #define HAVE_SYS_STAT_H 1
| #define HAVE_SYS_TYPES_H 1
| #define HAVE_UNISTD_H 1
| #define STDC_HEADERS 1
| #define HAVE_DLFCN_H 1
| #define LT_OBJDIR ".libs/"
| /* end confdefs.h.  */
| #include <ac_nonexistent.h>
configure:14018: checking for ld used by g++
configure:14086: result: /usr/bin/ld -m elf_x86_64
configure:14093: checking if the linker (/usr/bin/ld -m elf_x86_64) is GNU ld
configure:14109: result: yes
configure:14164: checking whether the g++ linker (/usr/bin/ld -m elf_x86_64) supports shared libraries
configure:15241: result: yes
configure:15277: g++ -c -g -O2  conftest.cpp >&5
configure:15280: $? = 0
configure:15761: checking for g++ option to produce PIC
configure:15769: result: -fPIC -DPIC
configure:15777: checking if g++ PIC flag -fPIC -DPIC works
configure:15796: g++ -c -g -O2  -fPIC -DPIC -DPIC conftest.cpp >&5
configure:15800: $? = 0
configure:15813: result: yes
configure:15836: checking if g++ static flag -static works
configure:15865: result: yes
configure:15877: checking if g++ supports -c -o file.o
configure:15899: g++ -c -g -O2  -o out/conftest2.o conftest.cpp >&5
configure:15903: $? = 0
configure:15925: result: yes
configure:15930: checking if g++ supports -c -o file.o
configure:15978: result: yes
configure:16008: checking whether the g++ linker (/usr/bin/ld -m elf_x86_64) supports shared libraries
configure:16051: result: yes
configure:16193: checking dynamic linker characteristics
configure:16953: result: GNU/Linux ld.so
configure:17018: checking how to hardcode library paths into programs
configure:17043: result: immediate
configure:17388: checking for SSL support (openssl)
configure:17454: openssl enabled - /usr
configure:17462: checking for /usr/include/openssl/ssl.h
configure:17462: gcc -c -g -O2  -I/usr/include conftest.c >&5
configure:17462: $? = 0
configure:17462: result: yes
configure:17473: checking linking with openssl
configure:17486: gcc -o conftest -g -O2  -I/usr/include  -L/usr/lib conftest.c  -lssl -lcrypto >&5
configure:17486: $? = 0
configure:17488: result: ok
configure:17501: Building QuickFIX with support for SSL (using OpenSSL)
configure:17920: checking whether g++ supports C++11 features with -std=c++11
configure:18219: g++ -std=c++11 -c -g -O2  -I/usr/include conftest.cpp >&5
configure:18219: $? = 0
configure:18229: result: yes
configure:18282: checking whether g++ -std=c++11 supports C++14 features with -std=c++14
configure:18701: g++ -std=c++11 -std=c++14 -c -g -O2  -I/usr/include conftest.cpp >&5
configure:18701: $? = 0
configure:18711: result: yes
configure:18764: checking whether g++ -std=c++11 -std=c++14 supports C++17 features with -std=c++17
configure:19561: g++ -std=c++11 -std=c++14 -std=c++17 -c -g -O2  -I/usr/include conftest.cpp >&5
configure:19561: $? = 0
configure:19571: result: yes
configure:19668: checking whether C++ compiler accepts -Wall
configure:19688: g++ -std=c++11 -std=c++14 -std=c++17 -c -g -O2  -Wall  -I/usr/include conftest.cpp >&5
configure:19688: $? = 0
configure:19697: result: yes
configure:19706: checking whether C++ compiler accepts -Wno-overloaded-virtual
configure:19726: g++ -std=c++11 -std=c++14 -std=c++17 -c -g -O2  -Wno-overloaded-virtual  -I/usr/include conftest.cpp >&5
configure:19726: $? = 0
configure:19735: result: yes
configure:19744: checking whether C++ compiler accepts -Wno-deprecated-declarations
configure:19764: g++ -std=c++11 -std=c++14 -std=c++17 -c -g -O2  -Wno-deprecated-declarations  -I/usr/include conftest.cpp >&5
configure:19764: $? = 0
configure:19773: result: yes
configure:19790: checking for shutdown in -lc
configure:19812: g++ -std=c++11 -std=c++14 -std=c++17 -o conftest -g -O2         -Wall  -Wno-overloaded-virtual  -Wno-deprecated-declarations   -I/usr/include  -L/usr/lib conftest.cpp -lc  -lssl -lcrypto       >&5
configure:19812: $? = 0
configure:19822: result: yes
configure:19872: checking for inet_addr in -lc
configure:19894: g++ -std=c++11 -std=c++14 -std=c++17 -o conftest -g -O2         -Wall  -Wno-overloaded-virtual  -Wno-deprecated-declarations   -I/usr/include  -L/usr/lib conftest.cpp -lc  -lssl -lcrypto       >&5
configure:19894: $? = 0
configure:19904: result: yes
configure:19954: checking for nanosleep in -lc
configure:19976: g++ -std=c++11 -std=c++14 -std=c++17 -o conftest -g -O2         -Wall  -Wno-overloaded-virtual  -Wno-deprecated-declarations   -I/usr/include  -L/usr/lib conftest.cpp -lc  -lssl -lcrypto       >&5
configure:19976: $? = 0
configure:19986: result: yes
configure:20036: checking for ftime in -lcompat
configure:20058: g++ -std=c++11 -std=c++14 -std=c++17 -o conftest -g -O2         -Wall  -Wno-overloaded-virtual  -Wno-deprecated-declarations   -I/usr/include  -L/usr/lib conftest.cpp -lcompat  -lssl -lcrypto       >&5
/usr/bin/ld: cannot find -lcompat: No such file or directory
collect2: error: ld returned 1 exit status
configure:20058: $? = 1
configure: failed program was:
| /* confdefs.h */
| #define PACKAGE_NAME "QuickFIX"
| #define PACKAGE_TARNAME "quickfix"
| #define PACKAGE_VERSION "1.16.0"
| #define PACKAGE_STRING "QuickFIX 1.16.0"
| #define PACKAGE_BUGREPORT "ask@quickfixengine.org"
| #define PACKAGE_URL ""
| #define PACKAGE "quickfix"
| #define VERSION "1.16.0"
| #define HAVE_STDIO_H 1
| #define HAVE_STDLIB_H 1
| #define HAVE_STRING_H 1
| #define HAVE_INTTYPES_H 1
| #define HAVE_STDINT_H 1
| #define HAVE_STRINGS_H 1
| #define HAVE_SYS_STAT_H 1
| #define HAVE_SYS_TYPES_H 1
| #define HAVE_UNISTD_H 1
| #define STDC_HEADERS 1
| #define HAVE_DLFCN_H 1
| #define LT_OBJDIR ".libs/"
| #define HAVE_SSL 1
| #define HAVE_CXX11 1
| #define HAVE_CXX14 1
| #define HAVE_CXX17 1
| /* end confdefs.h.  */
| 
| namespace conftest {
|   extern "C" int ftime ();
| }
| int
| main (void)
| {
| return conftest::ftime ();
|   ;
|   return 0;
| }
configure:20068: result: no
configure:20078: checking for clock_gettime
configure:20078: g++ -std=c++11 -std=c++14 -std=c++17 -o conftest -g -O2         -Wall  -Wno-overloaded-virtual  -Wno-deprecated-declarations   -I/usr/include  -L/usr/lib conftest.cpp -lssl -lcrypto       >&5
configure:20078: $? = 0
configure:20078: result: yes
configure:20086: checking for clock_get_time
configure:20086: g++ -std=c++11 -std=c++14 -std=c++17 -o conftest -g -O2         -Wall  -Wno-overloaded-virtual  -Wno-deprecated-declarations   -I/usr/include  -L/usr/lib conftest.cpp -lssl -lcrypto       >&5
/usr/bin/ld: /tmp/ccw8g71K.o: in function `main':
/home/thanh/qf_test/quickfix/conftest.cpp:55: undefined reference to `clock_get_time'
collect2: error: ld returned 1 exit status
configure:20086: $? = 1
configure: failed program was:
| /* confdefs.h */
| #define PACKAGE_NAME "QuickFIX"
| #define PACKAGE_TARNAME "quickfix"
| #define PACKAGE_VERSION "1.16.0"
| #define PACKAGE_STRING "QuickFIX 1.16.0"
| #define PACKAGE_BUGREPORT "ask@quickfixengine.org"
| #define PACKAGE_URL ""
| #define PACKAGE "quickfix"
| #define VERSION "1.16.0"
| #define HAVE_STDIO_H 1
| #define HAVE_STDLIB_H 1
| #define HAVE_STRING_H 1
| #define HAVE_INTTYPES_H 1
| #define HAVE_STDINT_H 1
| #define HAVE_STRINGS_H 1
| #define HAVE_SYS_STAT_H 1
| #define HAVE_SYS_TYPES_H 1
| #define HAVE_UNISTD_H 1
| #define STDC_HEADERS 1
| #define HAVE_DLFCN_H 1
| #define LT_OBJDIR ".libs/"
| #define HAVE_SSL 1
| #define HAVE_CXX11 1
| #define HAVE_CXX14 1
| #define HAVE_CXX17 1
| #define HAVE_CLOCK_GETTIME 1
| /* end confdefs.h.  */
| /* Define clock_get_time to an innocuous variant, in case <limits.h> declares clock_get_time.
|    For example, HP-UX 11i <limits.h> declares gettimeofday.  */
| #define clock_get_time innocuous_clock_get_time
| 
| /* System header to define __stub macros and hopefully few prototypes,
|    which can conflict with char clock_get_time (); below.  */
| 
| #include <limits.h>
| #undef clock_get_time
| 
| /* Override any GCC internal prototype to avoid an error.
|    Use char because int might match the return type of a GCC
|    builtin and then its argument prototype would still apply.  */
| #ifdef __cplusplus
| extern "C"
| #endif
| char clock_get_time ();
| /* The GNU C library defines this for functions which it implements
|     to always fail with ENOSYS.  Some functions are actually named
|     something starting with __ and the normal name is an alias.  */
| #if defined __stub_clock_get_time || defined __stub___clock_get_time
| choke me
| #endif
| 
| int
| main (void)
| {
| return clock_get_time ();
|   ;
|   return 0;
| }
configure:20086: result: no
configure:20095: checking which threading environment to use
configure:20105: result: -lpthread
configure:20107: checking for pthread_create in -lpthread
configure:20129: g++ -std=c++11 -std=c++14 -std=c++17 -o conftest -g -O2         -Wall  -Wno-overloaded-virtual  -Wno-deprecated-declarations   -I/usr/include  -L/usr/lib conftest.cpp -lpthread  -lssl -lcrypto       >&5
configure:20129: $? = 0
configure:20139: result: yes
configure:20246: checking for stdio.h
configure:20246: result: yes
configure:20265: checking for STREAMS ioctl
configure:20280: g++ -std=c++11 -std=c++14 -std=c++17 -c -g -O2         -Wall  -Wno-overloaded-virtual  -Wno-deprecated-declarations   -I/usr/include conftest.cpp >&5
conftest.cpp:31:19: fatal error: stropts.h: No such file or directory
   31 |          #include <stropts.h>
      |                   ^~~~~~~~~~~
compilation terminated.
configure:20280: $? = 1
configure: failed program was:
| /* confdefs.h */
| #define PACKAGE_NAME "QuickFIX"
| #define PACKAGE_TARNAME "quickfix"
| #define PACKAGE_VERSION "1.16.0"
| #define PACKAGE_STRING "QuickFIX 1.16.0"
| #define PACKAGE_BUGREPORT "ask@quickfixengine.org"
| #define PACKAGE_URL ""
| #define PACKAGE "quickfix"
| #define VERSION "1.16.0"
| #define HAVE_STDIO_H 1
| #define HAVE_STDLIB_H 1
| #define HAVE_STRING_H 1
| #define HAVE_INTTYPES_H 1
| #define HAVE_STDINT_H 1
| #define HAVE_STRINGS_H 1
| #define HAVE_SYS_STAT_H 1
| #define HAVE_SYS_TYPES_H 1
| #define HAVE_UNISTD_H 1
| #define STDC_HEADERS 1
| #define HAVE_DLFCN_H 1
| #define LT_OBJDIR ".libs/"
| #define HAVE_SSL 1
| #define HAVE_CXX11 1
| #define HAVE_CXX14 1
| #define HAVE_CXX17 1
| #define HAVE_CLOCK_GETTIME 1
| #define HAVE_LIBPTHREAD 1
| #define HAVE_STDIO_H 1
| /* end confdefs.h.  */
| #include <sys/types.h>
| 	 #include <stropts.h>
| 	 #include <sys/conf.h>
| int
| main (void)
| {
| ioctl(1,I_NREAD);
|   ;
|   return 0;
| }
configure:20288: result: no
configure:20293: checking for socklen_t
configure:20308: g++ -std=c++11 -std=c++14 -std=c++17 -c -g -O2         -Wall  -Wno-overloaded-virtual  -Wno-deprecated-declarations   -I/usr/include conftest.cpp >&5
conftest.cpp: In function 'int main()':
conftest.cpp:36:11: warning: unused variable 't' [-Wunused-variable]
   36 | socklen_t t = 1;
      |           ^
configure:20308: $? = 0
configure:20310: result: yes
configure:20321: checking for ftime
configure:20335: g++ -std=c++11 -std=c++14 -std=c++17 -c -g -O2         -Wall  -Wno-overloaded-virtual  -Wno-deprecated-declarations   -I/usr/include conftest.cpp >&5
configure:20335: $? = 0
configure:20344: result: yes
configure:20361: checking for set_terminate in the global namespace
configure:20375: g++ -std=c++11 -std=c++14 -std=c++17 -c -g -O2         -Wall  -Wno-overloaded-virtual  -Wno-deprecated-declarations   -I/usr/include conftest.cpp >&5
conftest.cpp: In function 'int main()':
conftest.cpp:36:1: error: 'set_terminate' was not declared in this scope; did you mean 'std::set_terminate'?
   36 | set_terminate(term);
      | ^~~~~~~~~~~~~
      | std::set_terminate
In file included from conftest.cpp:31:
/usr/include/c++/11/exception:74:21: note: 'std::set_terminate' declared here
   74 |   terminate_handler set_terminate(terminate_handler) _GLIBCXX_USE_NOEXCEPT;
      |                     ^~~~~~~~~~~~~
configure:20375: $? = 1
configure: failed program was:
| /* confdefs.h */
| #define PACKAGE_NAME "QuickFIX"
| #define PACKAGE_TARNAME "quickfix"
| #define PACKAGE_VERSION "1.16.0"
| #define PACKAGE_STRING "QuickFIX 1.16.0"
| #define PACKAGE_BUGREPORT "ask@quickfixengine.org"
| #define PACKAGE_URL ""
| #define PACKAGE "quickfix"
| #define VERSION "1.16.0"
| #define HAVE_STDIO_H 1
| #define HAVE_STDLIB_H 1
| #define HAVE_STRING_H 1
| #define HAVE_INTTYPES_H 1
| #define HAVE_STDINT_H 1
| #define HAVE_STRINGS_H 1
| #define HAVE_SYS_STAT_H 1
| #define HAVE_SYS_TYPES_H 1
| #define HAVE_UNISTD_H 1
| #define STDC_HEADERS 1
| #define HAVE_DLFCN_H 1
| #define LT_OBJDIR ".libs/"
| #define HAVE_SSL 1
| #define HAVE_CXX11 1
| #define HAVE_CXX14 1
| #define HAVE_CXX17 1
| #define HAVE_CLOCK_GETTIME 1
| #define HAVE_LIBPTHREAD 1
| #define HAVE_STDIO_H 1
| #define HAVE_FTIME 1
| /* end confdefs.h.  */
| #include <exception>
| 	 void term() {}
| int
| main (void)
| {
| set_terminate(term);
|   ;
|   return 0;
| }
configure:20386: result: no
configure:20388: checking for set_terminate in the std namespace
configure:20402: g++ -std=c++11 -std=c++14 -std=c++17 -c -g -O2         -Wall  -Wno-overloaded-virtual  -Wno-deprecated-declarations   -I/usr/include conftest.cpp >&5
configure:20402: $? = 0
configure:20404: result: yes
configure:20417: checking for typeinfo in the global namespace
configure:20430: g++ -std=c++11 -std=c++14 -std=c++17 -c -g -O2         -Wall  -Wno-overloaded-virtual  -Wno-deprecated-declarations   -I/usr/include conftest.cpp >&5
conftest.cpp: In function 'int main()':
conftest.cpp:36:7: error: 'typeinfo' does not name a type
   36 | const typeinfo& ty = typeid(typeinfo);
      |       ^~~~~~~~
configure:20430: $? = 1
configure: failed program was:
| /* confdefs.h */
| #define PACKAGE_NAME "QuickFIX"
| #define PACKAGE_TARNAME "quickfix"
| #define PACKAGE_VERSION "1.16.0"
| #define PACKAGE_STRING "QuickFIX 1.16.0"
| #define PACKAGE_BUGREPORT "ask@quickfixengine.org"
| #define PACKAGE_URL ""
| #define PACKAGE "quickfix"
| #define VERSION "1.16.0"
| #define HAVE_STDIO_H 1
| #define HAVE_STDLIB_H 1
| #define HAVE_STRING_H 1
| #define HAVE_INTTYPES_H 1
| #define HAVE_STDINT_H 1
| #define HAVE_STRINGS_H 1
| #define HAVE_SYS_STAT_H 1
| #define HAVE_SYS_TYPES_H 1
| #define HAVE_UNISTD_H 1
| #define STDC_HEADERS 1
| #define HAVE_DLFCN_H 1
| #define LT_OBJDIR ".libs/"
| #define HAVE_SSL 1
| #define HAVE_CXX11 1
| #define HAVE_CXX14 1
| #define HAVE_CXX17 1
| #define HAVE_CLOCK_GETTIME 1
| #define HAVE_LIBPTHREAD 1
| #define HAVE_STDIO_H 1
| #define HAVE_FTIME 1
| #define TERMINATE_IN_STD 1
| /* end confdefs.h.  */
| #include <typeinfo>
| int
| main (void)
| {
| const typeinfo& ty = typeid(typeinfo);
|   ;
|   return 0;
| }
configure:20441: result: no
configure:20443: checking for typeinfo in the std namespace
configure:20456: g++ -std=c++11 -std=c++14 -std=c++17 -c -g -O2         -Wall  -Wno-overloaded-virtual  -Wno-deprecated-declarations   -I/usr/include conftest.cpp >&5
conftest.cpp: In function 'int main()':
conftest.cpp:36:23: warning: unused variable 'ty' [-Wunused-variable]
   36 | const std::type_info& ty = typeid(std::type_info);
      |                       ^~
configure:20456: $? = 0
configure:20458: result: yes
configure:20472: checking for gethostbyname_r with input result
configure:20491: g++ -std=c++11 -std=c++14 -std=c++17 -c -g -O2         -Wall  -Wno-overloaded-virtual  -Wno-deprecated-declarations   -I/usr/include conftest.cpp >&5
configure:20491: $? = 0
configure:20493: result: yes
configure:20516: checking for cplus_demangle in -liberty
configure:20538: g++ -std=c++11 -std=c++14 -std=c++17 -o conftest -g -O2         -Wall  -Wno-overloaded-virtual  -Wno-deprecated-declarations   -I/usr/include  -L/usr/lib conftest.cpp -liberty  -lpthread -lssl -lcrypto       >&5
/usr/bin/ld: cannot find -liberty: No such file or directory
collect2: error: ld returned 1 exit status
configure:20538: $? = 1
configure: failed program was:
| /* confdefs.h */
| #define PACKAGE_NAME "QuickFIX"
| #define PACKAGE_TARNAME "quickfix"
| #define PACKAGE_VERSION "1.16.0"
| #define PACKAGE_STRING "QuickFIX 1.16.0"
| #define PACKAGE_BUGREPORT "ask@quickfixengine.org"
| #define PACKAGE_URL ""
| #define PACKAGE "quickfix"
| #define VERSION "1.16.0"
| #define HAVE_STDIO_H 1
| #define HAVE_STDLIB_H 1
| #define HAVE_STRING_H 1
| #define HAVE_INTTYPES_H 1
| #define HAVE_STDINT_H 1
| #define HAVE_STRINGS_H 1
| #define HAVE_SYS_STAT_H 1
| #define HAVE_SYS_TYPES_H 1
| #define HAVE_UNISTD_H 1
| #define STDC_HEADERS 1
| #define HAVE_DLFCN_H 1
| #define LT_OBJDIR ".libs/"
| #define HAVE_SSL 1
| #define HAVE_CXX11 1
| #define HAVE_CXX14 1
| #define HAVE_CXX17 1
| #define HAVE_CLOCK_GETTIME 1
| #define HAVE_LIBPTHREAD 1
| #define HAVE_STDIO_H 1
| #define HAVE_FTIME 1
| #define TERMINATE_IN_STD 1
| #define TYPEINFO_IN_STD 1
| #define GETHOSTBYNAME_R_INPUTS_RESULT 1
| #define _REENTRANT 1
| /* end confdefs.h.  */
| 
| namespace conftest {
|   extern "C" int cplus_demangle ();
| }
| int
| main (void)
| {
| return conftest::cplus_demangle ();
|   ;
|   return 0;
| }
configure:20548: result: no
configure:20560: checking if select modifies timeval parameter
configure:20583: g++ -std=c++11 -std=c++14 -std=c++17 -o conftest -g -O2         -Wall  -Wno-overloaded-virtual  -Wno-deprecated-declarations   -I/usr/include  -L/usr/lib conftest.cpp -lpthread -lssl -lcrypto       >&5
configure:20583: $? = 0
configure:20583: ./conftest
configure:20583: $? = 0
configure:20585: result: yes
configure:20702: checking that generated files are newer than configure
configure:20708: result: done
configure:20763: creating ./config.status

## ---------------------- ##
## Running config.status. ##
## ---------------------- ##

This file was extended by QuickFIX config.status 1.16.0, which was
generated by GNU Autoconf 2.71.  Invocation command line was

  CONFIG_FILES    = 
  CONFIG_HEADERS  = 
  CONFIG_LINKS    = 
  CONFIG_COMMANDS = 
  $ ./config.status 

on THANH-ALPHAH

config.status:1216: creating quickfix.pc
config.status:1216: creating Makefile
config.status:1216: creating src/Makefile
config.status:1216: creating src/C++/Makefile
config.status:1216: creating src/C++/test/Makefile
config.status:1216: creating src/python3/Makefile
config.status:1216: creating src/ruby/Makefile
config.status:1216: creating bin/Makefile
config.status:1216: creating bin/cfg/Makefile
config.status:1216: creating spec/Makefile
config.status:1216: creating test/Makefile
config.status:1216: creating test/atrun/Makefile
config.status:1216: creating test/cfg/Makefile
config.status:1216: creating test/definitions/Makefile
config.status:1216: creating test/definitions/server/Makefile
config.status:1216: creating test/definitions/server/future/Makefile
config.status:1216: creating examples/Makefile
config.status:1216: creating examples/executor/Makefile
config.status:1216: creating examples/executor/C++/Makefile
config.status:1216: creating examples/ordermatch/Makefile
config.status:1216: creating examples/tradeclient/Makefile
config.status:1216: creating doc/Makefile
config.status:1216: creating doc/html/Makefile
config.status:1216: creating src/C++/config_unix.h
config.status:1445: executing depfiles commands
config.status:1522: cd src       && sed -e '/# am--include-marker/d' Makefile         | make -f - am--depfiles
config.status:1527: $? = 0
config.status:1522: cd src/C++       && sed -e '/# am--include-marker/d' Makefile         | make -f - am--depfiles
config.status:1527: $? = 0
config.status:1522: cd src/C++/test       && sed -e '/# am--include-marker/d' Makefile         | make -f - am--depfiles
config.status:1527: $? = 0
config.status:1522: cd src/python3       && sed -e '/# am--include-marker/d' Makefile         | make -f - am--depfiles
config.status:1527: $? = 0
config.status:1522: cd examples/executor/C++       && sed -e '/# am--include-marker/d' Makefile         | make -f - am--depfiles
config.status:1527: $? = 0
config.status:1522: cd examples/ordermatch       && sed -e '/# am--include-marker/d' Makefile         | make -f - am--depfiles
config.status:1527: $? = 0
config.status:1522: cd examples/tradeclient       && sed -e '/# am--include-marker/d' Makefile         | make -f - am--depfiles
config.status:1527: $? = 0
config.status:1445: executing libtool commands

## ---------------- ##
## Cache variables. ##
## ---------------- ##

ac_cv_build=x86_64-pc-linux-gnu
ac_cv_c_compiler_gnu=yes
ac_cv_cxx_compiler_gnu=yes
ac_cv_env_CCC_set=
ac_cv_env_CCC_value=
ac_cv_env_CC_set=
ac_cv_env_CC_value=
ac_cv_env_CFLAGS_set=
ac_cv_env_CFLAGS_value=
ac_cv_env_CPPFLAGS_set=
ac_cv_env_CPPFLAGS_value=
ac_cv_env_CPP_set=
ac_cv_env_CPP_value=
ac_cv_env_CXXCPP_set=
ac_cv_env_CXXCPP_value=
ac_cv_env_CXXFLAGS_set=
ac_cv_env_CXXFLAGS_value=
ac_cv_env_CXX_set=
ac_cv_env_CXX_value=
ac_cv_env_LDFLAGS_set=
ac_cv_env_LDFLAGS_value=
ac_cv_env_LIBS_set=
ac_cv_env_LIBS_value=
ac_cv_env_LT_SYS_LIBRARY_PATH_set=
ac_cv_env_LT_SYS_LIBRARY_PATH_value=
ac_cv_env_build_alias_set=
ac_cv_env_build_alias_value=
ac_cv_env_host_alias_set=
ac_cv_env_host_alias_value=
ac_cv_env_target_alias_set=
ac_cv_env_target_alias_value=
ac_cv_func_clock_get_time=no
ac_cv_func_clock_gettime=yes
ac_cv_header__usr_include_openssl_ssl_h=yes
ac_cv_header_dlfcn_h=yes
ac_cv_header_inttypes_h=yes
ac_cv_header_stdint_h=yes
ac_cv_header_stdio_h=yes
ac_cv_header_stdlib_h=yes
ac_cv_header_string_h=yes
ac_cv_header_strings_h=yes
ac_cv_header_sys_stat_h=yes
ac_cv_header_sys_types_h=yes
ac_cv_header_unistd_h=yes
ac_cv_host=x86_64-pc-linux-gnu
ac_cv_lib_c_inet_addr=yes
ac_cv_lib_c_nanosleep=yes
ac_cv_lib_c_shutdown=yes
ac_cv_lib_compat_ftime=no
ac_cv_lib_iberty_cplus_demangle=no
ac_cv_lib_pthread_pthread_create=yes
ac_cv_objext=o
ac_cv_path_EGREP='/usr/bin/grep -E'
ac_cv_path_FGREP='/usr/bin/grep -F'
ac_cv_path_GREP=/usr/bin/grep
ac_cv_path_SED=/usr/bin/sed
ac_cv_path_install='/usr/bin/install -c'
ac_cv_path_lt_DD=/usr/bin/dd
ac_cv_path_mkdir=/usr/bin/mkdir
ac_cv_prog_AWK=gawk
ac_cv_prog_CPP='gcc -E'
ac_cv_prog_CXXCPP='g++ -E'
ac_cv_prog_ac_ct_AR=ar
ac_cv_prog_ac_ct_CC=gcc
ac_cv_prog_ac_ct_CXX=g++
ac_cv_prog_ac_ct_MANIFEST_TOOL=mt
ac_cv_prog_ac_ct_OBJDUMP=objdump
ac_cv_prog_ac_ct_RANLIB=ranlib
ac_cv_prog_ac_ct_STRIP=strip
ac_cv_prog_cc_c11=
ac_cv_prog_cc_g=yes
ac_cv_prog_cc_stdc=
ac_cv_prog_cxx_11=no
ac_cv_prog_cxx_cxx11=
ac_cv_prog_cxx_g=yes
ac_cv_prog_cxx_stdcxx=
ac_cv_prog_make_make_set=yes
am_cv_CC_dependencies_compiler_type=gcc3
am_cv_CXX_dependencies_compiler_type=gcc3
am_cv_make_support_nested_variables=yes
am_cv_prog_cc_c_o=yes
ax_cv_check_cxxflags___Wall=yes
ax_cv_check_cxxflags___Wno_deprecated_declarations=yes
ax_cv_check_cxxflags___Wno_overloaded_virtual=yes
ax_cv_cxx_compile_cxx11__std_cpp11=yes
ax_cv_cxx_compile_cxx14__std_cpp14=yes
ax_cv_cxx_compile_cxx17__std_cpp17=yes
lt_cv_ar_at_file=@
lt_cv_archive_cmds_need_lc=no
lt_cv_deplibs_check_method=pass_all
lt_cv_file_magic_cmd='$MAGIC_CMD'
lt_cv_file_magic_test_file=
lt_cv_ld_reload_flag=-r
lt_cv_nm_interface='BSD nm'
lt_cv_objdir=.libs
lt_cv_path_LD=/usr/bin/ld
lt_cv_path_LDCXX='/usr/bin/ld -m elf_x86_64'
lt_cv_path_NM='/usr/bin/nm -B'
lt_cv_path_mainfest_tool=no
lt_cv_prog_compiler_c_o=yes
lt_cv_prog_compiler_c_o_CXX=yes
lt_cv_prog_compiler_pic='-fPIC -DPIC'
lt_cv_prog_compiler_pic_CXX='-fPIC -DPIC'
lt_cv_prog_compiler_pic_works=yes
lt_cv_prog_compiler_pic_works_CXX=yes
lt_cv_prog_compiler_rtti_exceptions=no
lt_cv_prog_compiler_static_works=yes
lt_cv_prog_compiler_static_works_CXX=yes
lt_cv_prog_gnu_ld=yes
lt_cv_prog_gnu_ldcxx=yes
lt_cv_sharedlib_from_linklib_cmd='printf %s\n'
lt_cv_shlibpath_overrides_runpath=yes
lt_cv_sys_global_symbol_pipe='sed -n -e '\''s/^.*[	 ]\([ABCDGIRSTW][ABCDGIRSTW]*\)[	 ][	 ]*\([_A-Za-z][_A-Za-z0-9]*\)$/\1 \2 \2/p'\'' | sed '\''/ __gnu_lto/d'\'''
lt_cv_sys_global_symbol_to_c_name_address='sed -n -e '\''s/^: \(.*\) .*$/  {"\1", (void *) 0},/p'\'' -e '\''s/^[ABCDGIRSTW][ABCDGIRSTW]* .* \(.*\)$/  {"\1", (void *) \&\1},/p'\'''
lt_cv_sys_global_symbol_to_c_name_address_lib_prefix='sed -n -e '\''s/^: \(.*\) .*$/  {"\1", (void *) 0},/p'\'' -e '\''s/^[ABCDGIRSTW][ABCDGIRSTW]* .* \(lib.*\)$/  {"\1", (void *) \&\1},/p'\'' -e '\''s/^[ABCDGIRSTW][ABCDGIRSTW]* .* \(.*\)$/  {"lib\1", (void *) \&\1},/p'\'''
lt_cv_sys_global_symbol_to_cdecl='sed -n -e '\''s/^T .* \(.*\)$/extern int \1();/p'\'' -e '\''s/^[ABCDGIRSTW][ABCDGIRSTW]* .* \(.*\)$/extern char \1;/p'\'''
lt_cv_sys_global_symbol_to_import=
lt_cv_sys_max_cmd_len=1572864
lt_cv_to_host_file_cmd=func_convert_file_noop
lt_cv_to_tool_file_cmd=func_convert_file_noop
lt_cv_truncate_bin='/usr/bin/dd bs=4096 count=1'

## ----------------- ##
## Output variables. ##
## ----------------- ##

ACLOCAL='${SHELL} '\''/home/thanh/qf_test/quickfix/config/missing'\'' aclocal-1.16'
AMDEPBACKSLASH='\'
AMDEP_FALSE='#'
AMDEP_TRUE=''
AMTAR='$${TAR-tar}'
AM_BACKSLASH='\'
AM_DEFAULT_V='$(AM_DEFAULT_VERBOSITY)'
AM_DEFAULT_VERBOSITY='1'
AM_V='$(V)'
AR='ar'
AUTOCONF='${SHELL} '\''/home/thanh/qf_test/quickfix/config/missing'\'' autoconf'
AUTOHEADER='${SHELL} '\''/home/thanh/qf_test/quickfix/config/missing'\'' autoheader'
AUTOMAKE='${SHELL} '\''/home/thanh/qf_test/quickfix/config/missing'\'' automake-1.16'
AWK='gawk'
BOOST_CFLAGS=''
BOOST_PREFIX=''
CC='gcc'
CCDEPMODE='depmode=gcc3'
CFLAGS='-g -O2         -Wall  -Wno-overloaded-virtual  -Wno-deprecated-declarations '
CPP='gcc -E'
CPPFLAGS=' -I/usr/include'
CSCOPE='cscope'
CTAGS='ctags'
CXX='g++ -std=c++11 -std=c++14 -std=c++17'
CXXCPP='g++ -E -std=c++11 -std=c++14 -std=c++17'
CXXDEPMODE='depmode=gcc3'
CXXFLAGS='-g -O2         -Wall  -Wno-overloaded-virtual  -Wno-deprecated-declarations '
CYGPATH_W='echo'
DEFS='-DHAVE_CONFIG_H'
DEPDIR='.deps'
DLLTOOL='false'
DSYMUTIL=''
DUMPBIN=''
ECHO_C=''
ECHO_N='-n'
ECHO_T=''
EGREP='/usr/bin/grep -E'
ETAGS='etags'
EXEEXT=''
FGREP='/usr/bin/grep -F'
GREP='/usr/bin/grep'
HAVE_CXX11='1'
HAVE_CXX14='1'
HAVE_CXX17='1'
HAVE_FTIME_FALSE='#'
HAVE_FTIME_TRUE=''
HAVE_MYSQL_FALSE=''
HAVE_MYSQL_TRUE='#'
HAVE_ODBC_FALSE=''
HAVE_ODBC_TRUE='#'
HAVE_PYTHON3_FALSE=''
HAVE_PYTHON3_TRUE='#'
HAVE_PYTHON_FALSE=''
HAVE_PYTHON_TRUE='#'
HAVE_RUBY_FALSE=''
HAVE_RUBY_TRUE='#'
HAVE_SSL_FALSE='#'
HAVE_SSL_TRUE=''
INSTALL_DATA='${INSTALL} -m 644'
INSTALL_PROGRAM='${INSTALL}'
INSTALL_SCRIPT='${INSTALL}'
INSTALL_STRIP_PROGRAM='$(install_sh) -c -s'
LD='/usr/bin/ld -m elf_x86_64'
LDFLAGS=' -L/usr/lib'
LIBOBJS=''
LIBS='-lpthread -lssl -lcrypto      '
LIBTOOL='$(SHELL) $(top_builddir)/libtool'
LIPO=''
LN_S='ln -s'
LTLIBOBJS=''
LT_SYS_LIBRARY_PATH=''
MAKEINFO='${SHELL} '\''/home/thanh/qf_test/quickfix/config/missing'\'' makeinfo'
MANIFEST_TOOL=':'
MKDIR_P='/usr/bin/mkdir -p'
MYSQL_CFLAGS=''
MYSQL_LIBS=''
NM='/usr/bin/nm -B'
NMEDIT=''
OBJDUMP='objdump'
OBJEXT='o'
OPENSSL_LIBS='-lssl -lcrypto'
OTOOL64=''
OTOOL=''
PACKAGE='quickfix'
PACKAGE_BUGREPORT='ask@quickfixengine.org'
PACKAGE_NAME='QuickFIX'
PACKAGE_STRING='QuickFIX 1.16.0'
PACKAGE_TARNAME='quickfix'
PACKAGE_URL=''
PACKAGE_VERSION='1.16.0'
PATH_SEPARATOR=':'
PG_CONFIG=''
POSTGRESQL_CFLAGS=''
POSTGRESQL_LDFLAGS=''
POSTGRESQL_VERSION=''
PYTHON3_CFLAGS=''
PYTHON3_PREFIX=''
PYTHON3_SITE_PACKAGES=''
RANLIB='ranlib'
RUBY_CFLAGS=''
RUBY_PREFIX='/usr/lib/x86_64-linux-gnu/ruby/3.0.0'
RUBY_SITE_PACKAGES=''
SED='/usr/bin/sed'
SET_MAKE=''
SHELL='/bin/bash'
STRIP='strip'
TBB_ARCH=''
TBB_CFLAGS=''
TBB_LIBS=''
TBB_PREFIX=''
UNIXODBC_CFLAGS=''
UNIXODBC_LIBS=''
VERSION='1.16.0'
ac_ct_AR='ar'
ac_ct_CC='gcc'
ac_ct_CXX='g++'
ac_ct_DUMPBIN=''
am__EXEEXT_FALSE=''
am__EXEEXT_TRUE='#'
am__fastdepCC_FALSE='#'
am__fastdepCC_TRUE=''
am__fastdepCXX_FALSE='#'
am__fastdepCXX_TRUE=''
am__include='include'
am__isrc=''
am__leading_dot='.'
am__nodep='_no'
am__quote=''
am__tar='$${TAR-tar} chof - "$$tardir"'
am__untar='$${TAR-tar} xf -'
bindir='${exec_prefix}/bin'
build='x86_64-pc-linux-gnu'
build_alias=''
build_cpu='x86_64'
build_os='linux-gnu'
build_vendor='pc'
datadir='${datarootdir}'
datarootdir='${prefix}/share'
docdir='${datarootdir}/doc/${PACKAGE_TARNAME}'
dvidir='${docdir}'
exec_prefix='${prefix}'
host='x86_64-pc-linux-gnu'
host_alias=''
host_cpu='x86_64'
host_os='linux-gnu'
host_vendor='pc'
htmldir='${docdir}'
includedir='${prefix}/include'
infodir='${datarootdir}/info'
install_sh='${SHELL} /home/thanh/qf_test/quickfix/config/install-sh'
libdir='${exec_prefix}/lib'
libexecdir='${exec_prefix}/libexec'
localedir='${datarootdir}/locale'
localstatedir='${prefix}/var'
mandir='${datarootdir}/man'
mkdir_p='$(MKDIR_P)'
oldincludedir='/usr/include'
pdfdir='${docdir}'
prefix='/usr/local'
program_transform_name='s,x,x,'
psdir='${docdir}'
runstatedir='${localstatedir}/run'
sbindir='${exec_prefix}/sbin'
sharedstatedir='${prefix}/com'
sysconfdir='${prefix}/etc'
target_alias=''

## ----------- ##
## confdefs.h. ##
## ----------- ##

/* confdefs.h */
#define PACKAGE_NAME "QuickFIX"
#define PACKAGE_TARNAME "quickfix"
#define PACKAGE_VERSION "1.16.0"
#define PACKAGE_STRING "QuickFIX 1.16.0"
#define PACKAGE_BUGREPORT "ask@quickfixengine.org"
#define PACKAGE_URL ""
#define PACKAGE "quickfix"
#define VERSION "1.16.0"
#define HAVE_STDIO_H 1
#define HAVE_STDLIB_H 1
#define HAVE_STRING_H 1
#define HAVE_INTTYPES_H 1
#define HAVE_STDINT_H 1
#define HAVE_STRINGS_H 1
#define HAVE_SYS_STAT_H 1
#define HAVE_SYS_TYPES_H 1
#define HAVE_UNISTD_H 1
#define STDC_HEADERS 1
#define HAVE_DLFCN_H 1
#define LT_OBJDIR ".libs/"
#define HAVE_SSL 1
#define HAVE_CXX11 1
#define HAVE_CXX14 1
#define HAVE_CXX17 1
#define HAVE_CLOCK_GETTIME 1
#define HAVE_LIBPTHREAD 1
#define HAVE_STDIO_H 1
#define HAVE_FTIME 1
#define TERMINATE_IN_STD 1
#define TYPEINFO_IN_STD 1
#define GETHOSTBYNAME_R_INPUTS_RESULT 1
#define _REENTRANT 1
#define SELECT_MODIFIES_TIMEVAL 1

configure: exit 0
