The system is: Linux - 5.15.167.4-microsoft-standard-WSL2 - x86_64
Compiling the CXX compiler identification source file "CMakeCXXCompilerId.cpp" succeeded.
Compiler: /usr/bin/c++ 
Build flags: 
Id flags:  

The output was:
0


Compilation of the CXX compiler identification source "CMakeCXXCompilerId.cpp" produced "a.out"

The CXX compiler identification is GNU, found in "/home/thanh/qf_test/quickfix/CMakeFiles/3.22.1/CompilerIdCXX/a.out"

Compiling the C compiler identification source file "CMakeCCompilerId.c" succeeded.
Compiler: /usr/bin/cc 
Build flags: 
Id flags:  

The output was:
0


Compilation of the C compiler identification source "CMakeCCompilerId.c" produced "a.out"

The C compiler identification is GNU, found in "/home/thanh/qf_test/quickfix/CMakeFiles/3.22.1/CompilerIdC/a.out"

Detecting CXX compiler ABI info compiled with the following output:
Change Dir: /home/thanh/qf_test/quickfix/CMakeFiles/CMakeTmp

Run Build Command(s):/usr/bin/gmake -f Makefile cmTC_efd6a/fast && /usr/bin/gmake  -f CMakeFiles/cmTC_efd6a.dir/build.make CMakeFiles/cmTC_efd6a.dir/build
gmake[1]: Entering directory '/home/thanh/qf_test/quickfix/CMakeFiles/CMakeTmp'
Building CXX object CMakeFiles/cmTC_efd6a.dir/CMakeCXXCompilerABI.cpp.o
/usr/bin/c++   -v -o CMakeFiles/cmTC_efd6a.dir/CMakeCXXCompilerABI.cpp.o -c /usr/share/cmake-3.22/Modules/CMakeCXXCompilerABI.cpp
Using built-in specs.
COLLECT_GCC=/usr/bin/c++
OFFLOAD_TARGET_NAMES=nvptx-none:amdgcn-amdhsa
OFFLOAD_TARGET_DEFAULT=1
Target: x86_64-linux-gnu
Configured with: ../src/configure -v --with-pkgversion='Ubuntu 11.4.0-1ubuntu1~22.04' --with-bugurl=file:///usr/share/doc/gcc-11/README.Bugs --enable-languages=c,ada,c++,go,brig,d,fortran,objc,obj-c++,m2 --prefix=/usr --with-gcc-major-version-only --program-suffix=-11 --program-prefix=x86_64-linux-gnu- --enable-shared --enable-linker-build-id --libexecdir=/usr/lib --without-included-gettext --enable-threads=posix --libdir=/usr/lib --enable-nls --enable-bootstrap --enable-clocale=gnu --enable-libstdcxx-debug --enable-libstdcxx-time=yes --with-default-libstdcxx-abi=new --enable-gnu-unique-object --disable-vtable-verify --enable-plugin --enable-default-pie --with-system-zlib --enable-libphobos-checking=release --with-target-system-zlib=auto --enable-objc-gc=auto --enable-multiarch --disable-werror --enable-cet --with-arch-32=i686 --with-abi=m64 --with-multilib-list=m32,m64,mx32 --enable-multilib --with-tune=generic --enable-offload-targets=nvptx-none=/build/gcc-11-XeT9lY/gcc-11-11.4.0/debian/tmp-nvptx/usr,amdgcn-amdhsa=/build/gcc-11-XeT9lY/gcc-11-11.4.0/debian/tmp-gcn/usr --without-cuda-driver --enable-checking=release --build=x86_64-linux-gnu --host=x86_64-linux-gnu --target=x86_64-linux-gnu --with-build-config=bootstrap-lto-lean --enable-link-serialization=2
Thread model: posix
Supported LTO compression algorithms: zlib zstd
gcc version 11.4.0 (Ubuntu 11.4.0-1ubuntu1~22.04) 
COLLECT_GCC_OPTIONS='-v' '-o' 'CMakeFiles/cmTC_efd6a.dir/CMakeCXXCompilerABI.cpp.o' '-c' '-shared-libgcc' '-mtune=generic' '-march=x86-64' '-dumpdir' 'CMakeFiles/cmTC_efd6a.dir/'
 /usr/lib/gcc/x86_64-linux-gnu/11/cc1plus -quiet -v -imultiarch x86_64-linux-gnu -D_GNU_SOURCE /usr/share/cmake-3.22/Modules/CMakeCXXCompilerABI.cpp -quiet -dumpdir CMakeFiles/cmTC_efd6a.dir/ -dumpbase CMakeCXXCompilerABI.cpp.cpp -dumpbase-ext .cpp -mtune=generic -march=x86-64 -version -fasynchronous-unwind-tables -fstack-protector-strong -Wformat -Wformat-security -fstack-clash-protection -fcf-protection -o /tmp/ccNbYkcE.s
GNU C++17 (Ubuntu 11.4.0-1ubuntu1~22.04) version 11.4.0 (x86_64-linux-gnu)
	compiled by GNU C version 11.4.0, GMP version 6.2.1, MPFR version 4.1.0, MPC version 1.2.1, isl version isl-0.24-GMP

GGC heuristics: --param ggc-min-expand=100 --param ggc-min-heapsize=131072
ignoring duplicate directory "/usr/include/x86_64-linux-gnu/c++/11"
ignoring nonexistent directory "/usr/local/include/x86_64-linux-gnu"
ignoring nonexistent directory "/usr/lib/gcc/x86_64-linux-gnu/11/include-fixed"
ignoring nonexistent directory "/usr/lib/gcc/x86_64-linux-gnu/11/../../../../x86_64-linux-gnu/include"
#include "..." search starts here:
#include <...> search starts here:
 /usr/include/c++/11
 /usr/include/x86_64-linux-gnu/c++/11
 /usr/include/c++/11/backward
 /usr/lib/gcc/x86_64-linux-gnu/11/include
 /usr/local/include
 /usr/include/x86_64-linux-gnu
 /usr/include
End of search list.
GNU C++17 (Ubuntu 11.4.0-1ubuntu1~22.04) version 11.4.0 (x86_64-linux-gnu)
	compiled by GNU C version 11.4.0, GMP version 6.2.1, MPFR version 4.1.0, MPC version 1.2.1, isl version isl-0.24-GMP

GGC heuristics: --param ggc-min-expand=100 --param ggc-min-heapsize=131072
Compiler executable checksum: d591828bb4d392ae8b7b160e5bb0b95f
COLLECT_GCC_OPTIONS='-v' '-o' 'CMakeFiles/cmTC_efd6a.dir/CMakeCXXCompilerABI.cpp.o' '-c' '-shared-libgcc' '-mtune=generic' '-march=x86-64' '-dumpdir' 'CMakeFiles/cmTC_efd6a.dir/'
 as -v --64 -o CMakeFiles/cmTC_efd6a.dir/CMakeCXXCompilerABI.cpp.o /tmp/ccNbYkcE.s
GNU assembler version 2.38 (x86_64-linux-gnu) using BFD version (GNU Binutils for Ubuntu) 2.38
COMPILER_PATH=/usr/lib/gcc/x86_64-linux-gnu/11/:/usr/lib/gcc/x86_64-linux-gnu/11/:/usr/lib/gcc/x86_64-linux-gnu/:/usr/lib/gcc/x86_64-linux-gnu/11/:/usr/lib/gcc/x86_64-linux-gnu/
LIBRARY_PATH=/usr/lib/gcc/x86_64-linux-gnu/11/:/usr/lib/gcc/x86_64-linux-gnu/11/../../../x86_64-linux-gnu/:/usr/lib/gcc/x86_64-linux-gnu/11/../../../../lib/:/lib/x86_64-linux-gnu/:/lib/../lib/:/usr/lib/x86_64-linux-gnu/:/usr/lib/../lib/:/usr/lib/gcc/x86_64-linux-gnu/11/../../../:/lib/:/usr/lib/
COLLECT_GCC_OPTIONS='-v' '-o' 'CMakeFiles/cmTC_efd6a.dir/CMakeCXXCompilerABI.cpp.o' '-c' '-shared-libgcc' '-mtune=generic' '-march=x86-64' '-dumpdir' 'CMakeFiles/cmTC_efd6a.dir/CMakeCXXCompilerABI.cpp.'
Linking CXX executable cmTC_efd6a
/usr/bin/cmake -E cmake_link_script CMakeFiles/cmTC_efd6a.dir/link.txt --verbose=1
/usr/bin/c++  -v CMakeFiles/cmTC_efd6a.dir/CMakeCXXCompilerABI.cpp.o -o cmTC_efd6a 
Using built-in specs.
COLLECT_GCC=/usr/bin/c++
COLLECT_LTO_WRAPPER=/usr/lib/gcc/x86_64-linux-gnu/11/lto-wrapper
OFFLOAD_TARGET_NAMES=nvptx-none:amdgcn-amdhsa
OFFLOAD_TARGET_DEFAULT=1
Target: x86_64-linux-gnu
Configured with: ../src/configure -v --with-pkgversion='Ubuntu 11.4.0-1ubuntu1~22.04' --with-bugurl=file:///usr/share/doc/gcc-11/README.Bugs --enable-languages=c,ada,c++,go,brig,d,fortran,objc,obj-c++,m2 --prefix=/usr --with-gcc-major-version-only --program-suffix=-11 --program-prefix=x86_64-linux-gnu- --enable-shared --enable-linker-build-id --libexecdir=/usr/lib --without-included-gettext --enable-threads=posix --libdir=/usr/lib --enable-nls --enable-bootstrap --enable-clocale=gnu --enable-libstdcxx-debug --enable-libstdcxx-time=yes --with-default-libstdcxx-abi=new --enable-gnu-unique-object --disable-vtable-verify --enable-plugin --enable-default-pie --with-system-zlib --enable-libphobos-checking=release --with-target-system-zlib=auto --enable-objc-gc=auto --enable-multiarch --disable-werror --enable-cet --with-arch-32=i686 --with-abi=m64 --with-multilib-list=m32,m64,mx32 --enable-multilib --with-tune=generic --enable-offload-targets=nvptx-none=/build/gcc-11-XeT9lY/gcc-11-11.4.0/debian/tmp-nvptx/usr,amdgcn-amdhsa=/build/gcc-11-XeT9lY/gcc-11-11.4.0/debian/tmp-gcn/usr --without-cuda-driver --enable-checking=release --build=x86_64-linux-gnu --host=x86_64-linux-gnu --target=x86_64-linux-gnu --with-build-config=bootstrap-lto-lean --enable-link-serialization=2
Thread model: posix
Supported LTO compression algorithms: zlib zstd
gcc version 11.4.0 (Ubuntu 11.4.0-1ubuntu1~22.04) 
COMPILER_PATH=/usr/lib/gcc/x86_64-linux-gnu/11/:/usr/lib/gcc/x86_64-linux-gnu/11/:/usr/lib/gcc/x86_64-linux-gnu/:/usr/lib/gcc/x86_64-linux-gnu/11/:/usr/lib/gcc/x86_64-linux-gnu/
LIBRARY_PATH=/usr/lib/gcc/x86_64-linux-gnu/11/:/usr/lib/gcc/x86_64-linux-gnu/11/../../../x86_64-linux-gnu/:/usr/lib/gcc/x86_64-linux-gnu/11/../../../../lib/:/lib/x86_64-linux-gnu/:/lib/../lib/:/usr/lib/x86_64-linux-gnu/:/usr/lib/../lib/:/usr/lib/gcc/x86_64-linux-gnu/11/../../../:/lib/:/usr/lib/
COLLECT_GCC_OPTIONS='-v' '-o' 'cmTC_efd6a' '-shared-libgcc' '-mtune=generic' '-march=x86-64' '-dumpdir' 'cmTC_efd6a.'
 /usr/lib/gcc/x86_64-linux-gnu/11/collect2 -plugin /usr/lib/gcc/x86_64-linux-gnu/11/liblto_plugin.so -plugin-opt=/usr/lib/gcc/x86_64-linux-gnu/11/lto-wrapper -plugin-opt=-fresolution=/tmp/ccIYOk0N.res -plugin-opt=-pass-through=-lgcc_s -plugin-opt=-pass-through=-lgcc -plugin-opt=-pass-through=-lc -plugin-opt=-pass-through=-lgcc_s -plugin-opt=-pass-through=-lgcc --build-id --eh-frame-hdr -m elf_x86_64 --hash-style=gnu --as-needed -dynamic-linker /lib64/ld-linux-x86-64.so.2 -pie -z now -z relro -o cmTC_efd6a /usr/lib/gcc/x86_64-linux-gnu/11/../../../x86_64-linux-gnu/Scrt1.o /usr/lib/gcc/x86_64-linux-gnu/11/../../../x86_64-linux-gnu/crti.o /usr/lib/gcc/x86_64-linux-gnu/11/crtbeginS.o -L/usr/lib/gcc/x86_64-linux-gnu/11 -L/usr/lib/gcc/x86_64-linux-gnu/11/../../../x86_64-linux-gnu -L/usr/lib/gcc/x86_64-linux-gnu/11/../../../../lib -L/lib/x86_64-linux-gnu -L/lib/../lib -L/usr/lib/x86_64-linux-gnu -L/usr/lib/../lib -L/usr/lib/gcc/x86_64-linux-gnu/11/../../.. CMakeFiles/cmTC_efd6a.dir/CMakeCXXCompilerABI.cpp.o -lstdc++ -lm -lgcc_s -lgcc -lc -lgcc_s -lgcc /usr/lib/gcc/x86_64-linux-gnu/11/crtendS.o /usr/lib/gcc/x86_64-linux-gnu/11/../../../x86_64-linux-gnu/crtn.o
COLLECT_GCC_OPTIONS='-v' '-o' 'cmTC_efd6a' '-shared-libgcc' '-mtune=generic' '-march=x86-64' '-dumpdir' 'cmTC_efd6a.'
gmake[1]: Leaving directory '/home/thanh/qf_test/quickfix/CMakeFiles/CMakeTmp'



Parsed CXX implicit include dir info from above output: rv=done
  found start of include info
  found start of implicit include info
    add: [/usr/include/c++/11]
    add: [/usr/include/x86_64-linux-gnu/c++/11]
    add: [/usr/include/c++/11/backward]
    add: [/usr/lib/gcc/x86_64-linux-gnu/11/include]
    add: [/usr/local/include]
    add: [/usr/include/x86_64-linux-gnu]
    add: [/usr/include]
  end of search list found
  collapse include dir [/usr/include/c++/11] ==> [/usr/include/c++/11]
  collapse include dir [/usr/include/x86_64-linux-gnu/c++/11] ==> [/usr/include/x86_64-linux-gnu/c++/11]
  collapse include dir [/usr/include/c++/11/backward] ==> [/usr/include/c++/11/backward]
  collapse include dir [/usr/lib/gcc/x86_64-linux-gnu/11/include] ==> [/usr/lib/gcc/x86_64-linux-gnu/11/include]
  collapse include dir [/usr/local/include] ==> [/usr/local/include]
  collapse include dir [/usr/include/x86_64-linux-gnu] ==> [/usr/include/x86_64-linux-gnu]
  collapse include dir [/usr/include] ==> [/usr/include]
  implicit include dirs: [/usr/include/c++/11;/usr/include/x86_64-linux-gnu/c++/11;/usr/include/c++/11/backward;/usr/lib/gcc/x86_64-linux-gnu/11/include;/usr/local/include;/usr/include/x86_64-linux-gnu;/usr/include]


Parsed CXX implicit link information from above output:
  link line regex: [^( *|.*[/\])(ld|CMAKE_LINK_STARTFILE-NOTFOUND|([^/\]+-)?ld|collect2)[^/\]*( |$)]
  ignore line: [Change Dir: /home/thanh/qf_test/quickfix/CMakeFiles/CMakeTmp]
  ignore line: []
  ignore line: [Run Build Command(s):/usr/bin/gmake -f Makefile cmTC_efd6a/fast && /usr/bin/gmake  -f CMakeFiles/cmTC_efd6a.dir/build.make CMakeFiles/cmTC_efd6a.dir/build]
  ignore line: [gmake[1]: Entering directory '/home/thanh/qf_test/quickfix/CMakeFiles/CMakeTmp']
  ignore line: [Building CXX object CMakeFiles/cmTC_efd6a.dir/CMakeCXXCompilerABI.cpp.o]
  ignore line: [/usr/bin/c++   -v -o CMakeFiles/cmTC_efd6a.dir/CMakeCXXCompilerABI.cpp.o -c /usr/share/cmake-3.22/Modules/CMakeCXXCompilerABI.cpp]
  ignore line: [Using built-in specs.]
  ignore line: [COLLECT_GCC=/usr/bin/c++]
  ignore line: [OFFLOAD_TARGET_NAMES=nvptx-none:amdgcn-amdhsa]
  ignore line: [OFFLOAD_TARGET_DEFAULT=1]
  ignore line: [Target: x86_64-linux-gnu]
  ignore line: [Configured with: ../src/configure -v --with-pkgversion='Ubuntu 11.4.0-1ubuntu1~22.04' --with-bugurl=file:///usr/share/doc/gcc-11/README.Bugs --enable-languages=c ada c++ go brig d fortran objc obj-c++ m2 --prefix=/usr --with-gcc-major-version-only --program-suffix=-11 --program-prefix=x86_64-linux-gnu- --enable-shared --enable-linker-build-id --libexecdir=/usr/lib --without-included-gettext --enable-threads=posix --libdir=/usr/lib --enable-nls --enable-bootstrap --enable-clocale=gnu --enable-libstdcxx-debug --enable-libstdcxx-time=yes --with-default-libstdcxx-abi=new --enable-gnu-unique-object --disable-vtable-verify --enable-plugin --enable-default-pie --with-system-zlib --enable-libphobos-checking=release --with-target-system-zlib=auto --enable-objc-gc=auto --enable-multiarch --disable-werror --enable-cet --with-arch-32=i686 --with-abi=m64 --with-multilib-list=m32 m64 mx32 --enable-multilib --with-tune=generic --enable-offload-targets=nvptx-none=/build/gcc-11-XeT9lY/gcc-11-11.4.0/debian/tmp-nvptx/usr amdgcn-amdhsa=/build/gcc-11-XeT9lY/gcc-11-11.4.0/debian/tmp-gcn/usr --without-cuda-driver --enable-checking=release --build=x86_64-linux-gnu --host=x86_64-linux-gnu --target=x86_64-linux-gnu --with-build-config=bootstrap-lto-lean --enable-link-serialization=2]
  ignore line: [Thread model: posix]
  ignore line: [Supported LTO compression algorithms: zlib zstd]
  ignore line: [gcc version 11.4.0 (Ubuntu 11.4.0-1ubuntu1~22.04) ]
  ignore line: [COLLECT_GCC_OPTIONS='-v' '-o' 'CMakeFiles/cmTC_efd6a.dir/CMakeCXXCompilerABI.cpp.o' '-c' '-shared-libgcc' '-mtune=generic' '-march=x86-64' '-dumpdir' 'CMakeFiles/cmTC_efd6a.dir/']
  ignore line: [ /usr/lib/gcc/x86_64-linux-gnu/11/cc1plus -quiet -v -imultiarch x86_64-linux-gnu -D_GNU_SOURCE /usr/share/cmake-3.22/Modules/CMakeCXXCompilerABI.cpp -quiet -dumpdir CMakeFiles/cmTC_efd6a.dir/ -dumpbase CMakeCXXCompilerABI.cpp.cpp -dumpbase-ext .cpp -mtune=generic -march=x86-64 -version -fasynchronous-unwind-tables -fstack-protector-strong -Wformat -Wformat-security -fstack-clash-protection -fcf-protection -o /tmp/ccNbYkcE.s]
  ignore line: [GNU C++17 (Ubuntu 11.4.0-1ubuntu1~22.04) version 11.4.0 (x86_64-linux-gnu)]
  ignore line: [	compiled by GNU C version 11.4.0  GMP version 6.2.1  MPFR version 4.1.0  MPC version 1.2.1  isl version isl-0.24-GMP]
  ignore line: []
  ignore line: [GGC heuristics: --param ggc-min-expand=100 --param ggc-min-heapsize=131072]
  ignore line: [ignoring duplicate directory "/usr/include/x86_64-linux-gnu/c++/11"]
  ignore line: [ignoring nonexistent directory "/usr/local/include/x86_64-linux-gnu"]
  ignore line: [ignoring nonexistent directory "/usr/lib/gcc/x86_64-linux-gnu/11/include-fixed"]
  ignore line: [ignoring nonexistent directory "/usr/lib/gcc/x86_64-linux-gnu/11/../../../../x86_64-linux-gnu/include"]
  ignore line: [#include "..." search starts here:]
  ignore line: [#include <...> search starts here:]
  ignore line: [ /usr/include/c++/11]
  ignore line: [ /usr/include/x86_64-linux-gnu/c++/11]
  ignore line: [ /usr/include/c++/11/backward]
  ignore line: [ /usr/lib/gcc/x86_64-linux-gnu/11/include]
  ignore line: [ /usr/local/include]
  ignore line: [ /usr/include/x86_64-linux-gnu]
  ignore line: [ /usr/include]
  ignore line: [End of search list.]
  ignore line: [GNU C++17 (Ubuntu 11.4.0-1ubuntu1~22.04) version 11.4.0 (x86_64-linux-gnu)]
  ignore line: [	compiled by GNU C version 11.4.0  GMP version 6.2.1  MPFR version 4.1.0  MPC version 1.2.1  isl version isl-0.24-GMP]
  ignore line: []
  ignore line: [GGC heuristics: --param ggc-min-expand=100 --param ggc-min-heapsize=131072]
  ignore line: [Compiler executable checksum: d591828bb4d392ae8b7b160e5bb0b95f]
  ignore line: [COLLECT_GCC_OPTIONS='-v' '-o' 'CMakeFiles/cmTC_efd6a.dir/CMakeCXXCompilerABI.cpp.o' '-c' '-shared-libgcc' '-mtune=generic' '-march=x86-64' '-dumpdir' 'CMakeFiles/cmTC_efd6a.dir/']
  ignore line: [ as -v --64 -o CMakeFiles/cmTC_efd6a.dir/CMakeCXXCompilerABI.cpp.o /tmp/ccNbYkcE.s]
  ignore line: [GNU assembler version 2.38 (x86_64-linux-gnu) using BFD version (GNU Binutils for Ubuntu) 2.38]
  ignore line: [COMPILER_PATH=/usr/lib/gcc/x86_64-linux-gnu/11/:/usr/lib/gcc/x86_64-linux-gnu/11/:/usr/lib/gcc/x86_64-linux-gnu/:/usr/lib/gcc/x86_64-linux-gnu/11/:/usr/lib/gcc/x86_64-linux-gnu/]
  ignore line: [LIBRARY_PATH=/usr/lib/gcc/x86_64-linux-gnu/11/:/usr/lib/gcc/x86_64-linux-gnu/11/../../../x86_64-linux-gnu/:/usr/lib/gcc/x86_64-linux-gnu/11/../../../../lib/:/lib/x86_64-linux-gnu/:/lib/../lib/:/usr/lib/x86_64-linux-gnu/:/usr/lib/../lib/:/usr/lib/gcc/x86_64-linux-gnu/11/../../../:/lib/:/usr/lib/]
  ignore line: [COLLECT_GCC_OPTIONS='-v' '-o' 'CMakeFiles/cmTC_efd6a.dir/CMakeCXXCompilerABI.cpp.o' '-c' '-shared-libgcc' '-mtune=generic' '-march=x86-64' '-dumpdir' 'CMakeFiles/cmTC_efd6a.dir/CMakeCXXCompilerABI.cpp.']
  ignore line: [Linking CXX executable cmTC_efd6a]
  ignore line: [/usr/bin/cmake -E cmake_link_script CMakeFiles/cmTC_efd6a.dir/link.txt --verbose=1]
  ignore line: [/usr/bin/c++  -v CMakeFiles/cmTC_efd6a.dir/CMakeCXXCompilerABI.cpp.o -o cmTC_efd6a ]
  ignore line: [Using built-in specs.]
  ignore line: [COLLECT_GCC=/usr/bin/c++]
  ignore line: [COLLECT_LTO_WRAPPER=/usr/lib/gcc/x86_64-linux-gnu/11/lto-wrapper]
  ignore line: [OFFLOAD_TARGET_NAMES=nvptx-none:amdgcn-amdhsa]
  ignore line: [OFFLOAD_TARGET_DEFAULT=1]
  ignore line: [Target: x86_64-linux-gnu]
  ignore line: [Configured with: ../src/configure -v --with-pkgversion='Ubuntu 11.4.0-1ubuntu1~22.04' --with-bugurl=file:///usr/share/doc/gcc-11/README.Bugs --enable-languages=c ada c++ go brig d fortran objc obj-c++ m2 --prefix=/usr --with-gcc-major-version-only --program-suffix=-11 --program-prefix=x86_64-linux-gnu- --enable-shared --enable-linker-build-id --libexecdir=/usr/lib --without-included-gettext --enable-threads=posix --libdir=/usr/lib --enable-nls --enable-bootstrap --enable-clocale=gnu --enable-libstdcxx-debug --enable-libstdcxx-time=yes --with-default-libstdcxx-abi=new --enable-gnu-unique-object --disable-vtable-verify --enable-plugin --enable-default-pie --with-system-zlib --enable-libphobos-checking=release --with-target-system-zlib=auto --enable-objc-gc=auto --enable-multiarch --disable-werror --enable-cet --with-arch-32=i686 --with-abi=m64 --with-multilib-list=m32 m64 mx32 --enable-multilib --with-tune=generic --enable-offload-targets=nvptx-none=/build/gcc-11-XeT9lY/gcc-11-11.4.0/debian/tmp-nvptx/usr amdgcn-amdhsa=/build/gcc-11-XeT9lY/gcc-11-11.4.0/debian/tmp-gcn/usr --without-cuda-driver --enable-checking=release --build=x86_64-linux-gnu --host=x86_64-linux-gnu --target=x86_64-linux-gnu --with-build-config=bootstrap-lto-lean --enable-link-serialization=2]
  ignore line: [Thread model: posix]
  ignore line: [Supported LTO compression algorithms: zlib zstd]
  ignore line: [gcc version 11.4.0 (Ubuntu 11.4.0-1ubuntu1~22.04) ]
  ignore line: [COMPILER_PATH=/usr/lib/gcc/x86_64-linux-gnu/11/:/usr/lib/gcc/x86_64-linux-gnu/11/:/usr/lib/gcc/x86_64-linux-gnu/:/usr/lib/gcc/x86_64-linux-gnu/11/:/usr/lib/gcc/x86_64-linux-gnu/]
  ignore line: [LIBRARY_PATH=/usr/lib/gcc/x86_64-linux-gnu/11/:/usr/lib/gcc/x86_64-linux-gnu/11/../../../x86_64-linux-gnu/:/usr/lib/gcc/x86_64-linux-gnu/11/../../../../lib/:/lib/x86_64-linux-gnu/:/lib/../lib/:/usr/lib/x86_64-linux-gnu/:/usr/lib/../lib/:/usr/lib/gcc/x86_64-linux-gnu/11/../../../:/lib/:/usr/lib/]
  ignore line: [COLLECT_GCC_OPTIONS='-v' '-o' 'cmTC_efd6a' '-shared-libgcc' '-mtune=generic' '-march=x86-64' '-dumpdir' 'cmTC_efd6a.']
  link line: [ /usr/lib/gcc/x86_64-linux-gnu/11/collect2 -plugin /usr/lib/gcc/x86_64-linux-gnu/11/liblto_plugin.so -plugin-opt=/usr/lib/gcc/x86_64-linux-gnu/11/lto-wrapper -plugin-opt=-fresolution=/tmp/ccIYOk0N.res -plugin-opt=-pass-through=-lgcc_s -plugin-opt=-pass-through=-lgcc -plugin-opt=-pass-through=-lc -plugin-opt=-pass-through=-lgcc_s -plugin-opt=-pass-through=-lgcc --build-id --eh-frame-hdr -m elf_x86_64 --hash-style=gnu --as-needed -dynamic-linker /lib64/ld-linux-x86-64.so.2 -pie -z now -z relro -o cmTC_efd6a /usr/lib/gcc/x86_64-linux-gnu/11/../../../x86_64-linux-gnu/Scrt1.o /usr/lib/gcc/x86_64-linux-gnu/11/../../../x86_64-linux-gnu/crti.o /usr/lib/gcc/x86_64-linux-gnu/11/crtbeginS.o -L/usr/lib/gcc/x86_64-linux-gnu/11 -L/usr/lib/gcc/x86_64-linux-gnu/11/../../../x86_64-linux-gnu -L/usr/lib/gcc/x86_64-linux-gnu/11/../../../../lib -L/lib/x86_64-linux-gnu -L/lib/../lib -L/usr/lib/x86_64-linux-gnu -L/usr/lib/../lib -L/usr/lib/gcc/x86_64-linux-gnu/11/../../.. CMakeFiles/cmTC_efd6a.dir/CMakeCXXCompilerABI.cpp.o -lstdc++ -lm -lgcc_s -lgcc -lc -lgcc_s -lgcc /usr/lib/gcc/x86_64-linux-gnu/11/crtendS.o /usr/lib/gcc/x86_64-linux-gnu/11/../../../x86_64-linux-gnu/crtn.o]
    arg [/usr/lib/gcc/x86_64-linux-gnu/11/collect2] ==> ignore
    arg [-plugin] ==> ignore
    arg [/usr/lib/gcc/x86_64-linux-gnu/11/liblto_plugin.so] ==> ignore
    arg [-plugin-opt=/usr/lib/gcc/x86_64-linux-gnu/11/lto-wrapper] ==> ignore
    arg [-plugin-opt=-fresolution=/tmp/ccIYOk0N.res] ==> ignore
    arg [-plugin-opt=-pass-through=-lgcc_s] ==> ignore
    arg [-plugin-opt=-pass-through=-lgcc] ==> ignore
    arg [-plugin-opt=-pass-through=-lc] ==> ignore
    arg [-plugin-opt=-pass-through=-lgcc_s] ==> ignore
    arg [-plugin-opt=-pass-through=-lgcc] ==> ignore
    arg [--build-id] ==> ignore
    arg [--eh-frame-hdr] ==> ignore
    arg [-m] ==> ignore
    arg [elf_x86_64] ==> ignore
    arg [--hash-style=gnu] ==> ignore
    arg [--as-needed] ==> ignore
    arg [-dynamic-linker] ==> ignore
    arg [/lib64/ld-linux-x86-64.so.2] ==> ignore
    arg [-pie] ==> ignore
    arg [-znow] ==> ignore
    arg [-zrelro] ==> ignore
    arg [-o] ==> ignore
    arg [cmTC_efd6a] ==> ignore
    arg [/usr/lib/gcc/x86_64-linux-gnu/11/../../../x86_64-linux-gnu/Scrt1.o] ==> obj [/usr/lib/gcc/x86_64-linux-gnu/11/../../../x86_64-linux-gnu/Scrt1.o]
    arg [/usr/lib/gcc/x86_64-linux-gnu/11/../../../x86_64-linux-gnu/crti.o] ==> obj [/usr/lib/gcc/x86_64-linux-gnu/11/../../../x86_64-linux-gnu/crti.o]
    arg [/usr/lib/gcc/x86_64-linux-gnu/11/crtbeginS.o] ==> obj [/usr/lib/gcc/x86_64-linux-gnu/11/crtbeginS.o]
    arg [-L/usr/lib/gcc/x86_64-linux-gnu/11] ==> dir [/usr/lib/gcc/x86_64-linux-gnu/11]
    arg [-L/usr/lib/gcc/x86_64-linux-gnu/11/../../../x86_64-linux-gnu] ==> dir [/usr/lib/gcc/x86_64-linux-gnu/11/../../../x86_64-linux-gnu]
    arg [-L/usr/lib/gcc/x86_64-linux-gnu/11/../../../../lib] ==> dir [/usr/lib/gcc/x86_64-linux-gnu/11/../../../../lib]
    arg [-L/lib/x86_64-linux-gnu] ==> dir [/lib/x86_64-linux-gnu]
    arg [-L/lib/../lib] ==> dir [/lib/../lib]
    arg [-L/usr/lib/x86_64-linux-gnu] ==> dir [/usr/lib/x86_64-linux-gnu]
    arg [-L/usr/lib/../lib] ==> dir [/usr/lib/../lib]
    arg [-L/usr/lib/gcc/x86_64-linux-gnu/11/../../..] ==> dir [/usr/lib/gcc/x86_64-linux-gnu/11/../../..]
    arg [CMakeFiles/cmTC_efd6a.dir/CMakeCXXCompilerABI.cpp.o] ==> ignore
    arg [-lstdc++] ==> lib [stdc++]
    arg [-lm] ==> lib [m]
    arg [-lgcc_s] ==> lib [gcc_s]
    arg [-lgcc] ==> lib [gcc]
    arg [-lc] ==> lib [c]
    arg [-lgcc_s] ==> lib [gcc_s]
    arg [-lgcc] ==> lib [gcc]
    arg [/usr/lib/gcc/x86_64-linux-gnu/11/crtendS.o] ==> obj [/usr/lib/gcc/x86_64-linux-gnu/11/crtendS.o]
    arg [/usr/lib/gcc/x86_64-linux-gnu/11/../../../x86_64-linux-gnu/crtn.o] ==> obj [/usr/lib/gcc/x86_64-linux-gnu/11/../../../x86_64-linux-gnu/crtn.o]
  collapse obj [/usr/lib/gcc/x86_64-linux-gnu/11/../../../x86_64-linux-gnu/Scrt1.o] ==> [/usr/lib/x86_64-linux-gnu/Scrt1.o]
  collapse obj [/usr/lib/gcc/x86_64-linux-gnu/11/../../../x86_64-linux-gnu/crti.o] ==> [/usr/lib/x86_64-linux-gnu/crti.o]
  collapse obj [/usr/lib/gcc/x86_64-linux-gnu/11/../../../x86_64-linux-gnu/crtn.o] ==> [/usr/lib/x86_64-linux-gnu/crtn.o]
  collapse library dir [/usr/lib/gcc/x86_64-linux-gnu/11] ==> [/usr/lib/gcc/x86_64-linux-gnu/11]
  collapse library dir [/usr/lib/gcc/x86_64-linux-gnu/11/../../../x86_64-linux-gnu] ==> [/usr/lib/x86_64-linux-gnu]
  collapse library dir [/usr/lib/gcc/x86_64-linux-gnu/11/../../../../lib] ==> [/usr/lib]
  collapse library dir [/lib/x86_64-linux-gnu] ==> [/lib/x86_64-linux-gnu]
  collapse library dir [/lib/../lib] ==> [/lib]
  collapse library dir [/usr/lib/x86_64-linux-gnu] ==> [/usr/lib/x86_64-linux-gnu]
  collapse library dir [/usr/lib/../lib] ==> [/usr/lib]
  collapse library dir [/usr/lib/gcc/x86_64-linux-gnu/11/../../..] ==> [/usr/lib]
  implicit libs: [stdc++;m;gcc_s;gcc;c;gcc_s;gcc]
  implicit objs: [/usr/lib/x86_64-linux-gnu/Scrt1.o;/usr/lib/x86_64-linux-gnu/crti.o;/usr/lib/gcc/x86_64-linux-gnu/11/crtbeginS.o;/usr/lib/gcc/x86_64-linux-gnu/11/crtendS.o;/usr/lib/x86_64-linux-gnu/crtn.o]
  implicit dirs: [/usr/lib/gcc/x86_64-linux-gnu/11;/usr/lib/x86_64-linux-gnu;/usr/lib;/lib/x86_64-linux-gnu;/lib]
  implicit fwks: []


Detecting C compiler ABI info compiled with the following output:
Change Dir: /home/thanh/qf_test/quickfix/CMakeFiles/CMakeTmp

Run Build Command(s):/usr/bin/gmake -f Makefile cmTC_c2b7b/fast && /usr/bin/gmake  -f CMakeFiles/cmTC_c2b7b.dir/build.make CMakeFiles/cmTC_c2b7b.dir/build
gmake[1]: Entering directory '/home/thanh/qf_test/quickfix/CMakeFiles/CMakeTmp'
Building C object CMakeFiles/cmTC_c2b7b.dir/CMakeCCompilerABI.c.o
/usr/bin/cc   -v -o CMakeFiles/cmTC_c2b7b.dir/CMakeCCompilerABI.c.o -c /usr/share/cmake-3.22/Modules/CMakeCCompilerABI.c
Using built-in specs.
COLLECT_GCC=/usr/bin/cc
OFFLOAD_TARGET_NAMES=nvptx-none:amdgcn-amdhsa
OFFLOAD_TARGET_DEFAULT=1
Target: x86_64-linux-gnu
Configured with: ../src/configure -v --with-pkgversion='Ubuntu 11.4.0-1ubuntu1~22.04' --with-bugurl=file:///usr/share/doc/gcc-11/README.Bugs --enable-languages=c,ada,c++,go,brig,d,fortran,objc,obj-c++,m2 --prefix=/usr --with-gcc-major-version-only --program-suffix=-11 --program-prefix=x86_64-linux-gnu- --enable-shared --enable-linker-build-id --libexecdir=/usr/lib --without-included-gettext --enable-threads=posix --libdir=/usr/lib --enable-nls --enable-bootstrap --enable-clocale=gnu --enable-libstdcxx-debug --enable-libstdcxx-time=yes --with-default-libstdcxx-abi=new --enable-gnu-unique-object --disable-vtable-verify --enable-plugin --enable-default-pie --with-system-zlib --enable-libphobos-checking=release --with-target-system-zlib=auto --enable-objc-gc=auto --enable-multiarch --disable-werror --enable-cet --with-arch-32=i686 --with-abi=m64 --with-multilib-list=m32,m64,mx32 --enable-multilib --with-tune=generic --enable-offload-targets=nvptx-none=/build/gcc-11-XeT9lY/gcc-11-11.4.0/debian/tmp-nvptx/usr,amdgcn-amdhsa=/build/gcc-11-XeT9lY/gcc-11-11.4.0/debian/tmp-gcn/usr --without-cuda-driver --enable-checking=release --build=x86_64-linux-gnu --host=x86_64-linux-gnu --target=x86_64-linux-gnu --with-build-config=bootstrap-lto-lean --enable-link-serialization=2
Thread model: posix
Supported LTO compression algorithms: zlib zstd
gcc version 11.4.0 (Ubuntu 11.4.0-1ubuntu1~22.04) 
COLLECT_GCC_OPTIONS='-v' '-o' 'CMakeFiles/cmTC_c2b7b.dir/CMakeCCompilerABI.c.o' '-c' '-mtune=generic' '-march=x86-64' '-dumpdir' 'CMakeFiles/cmTC_c2b7b.dir/'
 /usr/lib/gcc/x86_64-linux-gnu/11/cc1 -quiet -v -imultiarch x86_64-linux-gnu /usr/share/cmake-3.22/Modules/CMakeCCompilerABI.c -quiet -dumpdir CMakeFiles/cmTC_c2b7b.dir/ -dumpbase CMakeCCompilerABI.c.c -dumpbase-ext .c -mtune=generic -march=x86-64 -version -fasynchronous-unwind-tables -fstack-protector-strong -Wformat -Wformat-security -fstack-clash-protection -fcf-protection -o /tmp/ccT13Kgt.s
GNU C17 (Ubuntu 11.4.0-1ubuntu1~22.04) version 11.4.0 (x86_64-linux-gnu)
	compiled by GNU C version 11.4.0, GMP version 6.2.1, MPFR version 4.1.0, MPC version 1.2.1, isl version isl-0.24-GMP

GGC heuristics: --param ggc-min-expand=100 --param ggc-min-heapsize=131072
ignoring nonexistent directory "/usr/local/include/x86_64-linux-gnu"
ignoring nonexistent directory "/usr/lib/gcc/x86_64-linux-gnu/11/include-fixed"
ignoring nonexistent directory "/usr/lib/gcc/x86_64-linux-gnu/11/../../../../x86_64-linux-gnu/include"
#include "..." search starts here:
#include <...> search starts here:
 /usr/lib/gcc/x86_64-linux-gnu/11/include
 /usr/local/include
 /usr/include/x86_64-linux-gnu
 /usr/include
End of search list.
GNU C17 (Ubuntu 11.4.0-1ubuntu1~22.04) version 11.4.0 (x86_64-linux-gnu)
	compiled by GNU C version 11.4.0, GMP version 6.2.1, MPFR version 4.1.0, MPC version 1.2.1, isl version isl-0.24-GMP

GGC heuristics: --param ggc-min-expand=100 --param ggc-min-heapsize=131072
Compiler executable checksum: 50eaa2331df977b8016186198deb2d18
COLLECT_GCC_OPTIONS='-v' '-o' 'CMakeFiles/cmTC_c2b7b.dir/CMakeCCompilerABI.c.o' '-c' '-mtune=generic' '-march=x86-64' '-dumpdir' 'CMakeFiles/cmTC_c2b7b.dir/'
 as -v --64 -o CMakeFiles/cmTC_c2b7b.dir/CMakeCCompilerABI.c.o /tmp/ccT13Kgt.s
GNU assembler version 2.38 (x86_64-linux-gnu) using BFD version (GNU Binutils for Ubuntu) 2.38
COMPILER_PATH=/usr/lib/gcc/x86_64-linux-gnu/11/:/usr/lib/gcc/x86_64-linux-gnu/11/:/usr/lib/gcc/x86_64-linux-gnu/:/usr/lib/gcc/x86_64-linux-gnu/11/:/usr/lib/gcc/x86_64-linux-gnu/
LIBRARY_PATH=/usr/lib/gcc/x86_64-linux-gnu/11/:/usr/lib/gcc/x86_64-linux-gnu/11/../../../x86_64-linux-gnu/:/usr/lib/gcc/x86_64-linux-gnu/11/../../../../lib/:/lib/x86_64-linux-gnu/:/lib/../lib/:/usr/lib/x86_64-linux-gnu/:/usr/lib/../lib/:/usr/lib/gcc/x86_64-linux-gnu/11/../../../:/lib/:/usr/lib/
COLLECT_GCC_OPTIONS='-v' '-o' 'CMakeFiles/cmTC_c2b7b.dir/CMakeCCompilerABI.c.o' '-c' '-mtune=generic' '-march=x86-64' '-dumpdir' 'CMakeFiles/cmTC_c2b7b.dir/CMakeCCompilerABI.c.'
Linking C executable cmTC_c2b7b
/usr/bin/cmake -E cmake_link_script CMakeFiles/cmTC_c2b7b.dir/link.txt --verbose=1
/usr/bin/cc  -v CMakeFiles/cmTC_c2b7b.dir/CMakeCCompilerABI.c.o -o cmTC_c2b7b 
Using built-in specs.
COLLECT_GCC=/usr/bin/cc
COLLECT_LTO_WRAPPER=/usr/lib/gcc/x86_64-linux-gnu/11/lto-wrapper
OFFLOAD_TARGET_NAMES=nvptx-none:amdgcn-amdhsa
OFFLOAD_TARGET_DEFAULT=1
Target: x86_64-linux-gnu
Configured with: ../src/configure -v --with-pkgversion='Ubuntu 11.4.0-1ubuntu1~22.04' --with-bugurl=file:///usr/share/doc/gcc-11/README.Bugs --enable-languages=c,ada,c++,go,brig,d,fortran,objc,obj-c++,m2 --prefix=/usr --with-gcc-major-version-only --program-suffix=-11 --program-prefix=x86_64-linux-gnu- --enable-shared --enable-linker-build-id --libexecdir=/usr/lib --without-included-gettext --enable-threads=posix --libdir=/usr/lib --enable-nls --enable-bootstrap --enable-clocale=gnu --enable-libstdcxx-debug --enable-libstdcxx-time=yes --with-default-libstdcxx-abi=new --enable-gnu-unique-object --disable-vtable-verify --enable-plugin --enable-default-pie --with-system-zlib --enable-libphobos-checking=release --with-target-system-zlib=auto --enable-objc-gc=auto --enable-multiarch --disable-werror --enable-cet --with-arch-32=i686 --with-abi=m64 --with-multilib-list=m32,m64,mx32 --enable-multilib --with-tune=generic --enable-offload-targets=nvptx-none=/build/gcc-11-XeT9lY/gcc-11-11.4.0/debian/tmp-nvptx/usr,amdgcn-amdhsa=/build/gcc-11-XeT9lY/gcc-11-11.4.0/debian/tmp-gcn/usr --without-cuda-driver --enable-checking=release --build=x86_64-linux-gnu --host=x86_64-linux-gnu --target=x86_64-linux-gnu --with-build-config=bootstrap-lto-lean --enable-link-serialization=2
Thread model: posix
Supported LTO compression algorithms: zlib zstd
gcc version 11.4.0 (Ubuntu 11.4.0-1ubuntu1~22.04) 
COMPILER_PATH=/usr/lib/gcc/x86_64-linux-gnu/11/:/usr/lib/gcc/x86_64-linux-gnu/11/:/usr/lib/gcc/x86_64-linux-gnu/:/usr/lib/gcc/x86_64-linux-gnu/11/:/usr/lib/gcc/x86_64-linux-gnu/
LIBRARY_PATH=/usr/lib/gcc/x86_64-linux-gnu/11/:/usr/lib/gcc/x86_64-linux-gnu/11/../../../x86_64-linux-gnu/:/usr/lib/gcc/x86_64-linux-gnu/11/../../../../lib/:/lib/x86_64-linux-gnu/:/lib/../lib/:/usr/lib/x86_64-linux-gnu/:/usr/lib/../lib/:/usr/lib/gcc/x86_64-linux-gnu/11/../../../:/lib/:/usr/lib/
COLLECT_GCC_OPTIONS='-v' '-o' 'cmTC_c2b7b' '-mtune=generic' '-march=x86-64' '-dumpdir' 'cmTC_c2b7b.'
 /usr/lib/gcc/x86_64-linux-gnu/11/collect2 -plugin /usr/lib/gcc/x86_64-linux-gnu/11/liblto_plugin.so -plugin-opt=/usr/lib/gcc/x86_64-linux-gnu/11/lto-wrapper -plugin-opt=-fresolution=/tmp/ccwIxkKI.res -plugin-opt=-pass-through=-lgcc -plugin-opt=-pass-through=-lgcc_s -plugin-opt=-pass-through=-lc -plugin-opt=-pass-through=-lgcc -plugin-opt=-pass-through=-lgcc_s --build-id --eh-frame-hdr -m elf_x86_64 --hash-style=gnu --as-needed -dynamic-linker /lib64/ld-linux-x86-64.so.2 -pie -z now -z relro -o cmTC_c2b7b /usr/lib/gcc/x86_64-linux-gnu/11/../../../x86_64-linux-gnu/Scrt1.o /usr/lib/gcc/x86_64-linux-gnu/11/../../../x86_64-linux-gnu/crti.o /usr/lib/gcc/x86_64-linux-gnu/11/crtbeginS.o -L/usr/lib/gcc/x86_64-linux-gnu/11 -L/usr/lib/gcc/x86_64-linux-gnu/11/../../../x86_64-linux-gnu -L/usr/lib/gcc/x86_64-linux-gnu/11/../../../../lib -L/lib/x86_64-linux-gnu -L/lib/../lib -L/usr/lib/x86_64-linux-gnu -L/usr/lib/../lib -L/usr/lib/gcc/x86_64-linux-gnu/11/../../.. CMakeFiles/cmTC_c2b7b.dir/CMakeCCompilerABI.c.o -lgcc --push-state --as-needed -lgcc_s --pop-state -lc -lgcc --push-state --as-needed -lgcc_s --pop-state /usr/lib/gcc/x86_64-linux-gnu/11/crtendS.o /usr/lib/gcc/x86_64-linux-gnu/11/../../../x86_64-linux-gnu/crtn.o
COLLECT_GCC_OPTIONS='-v' '-o' 'cmTC_c2b7b' '-mtune=generic' '-march=x86-64' '-dumpdir' 'cmTC_c2b7b.'
gmake[1]: Leaving directory '/home/thanh/qf_test/quickfix/CMakeFiles/CMakeTmp'



Parsed C implicit include dir info from above output: rv=done
  found start of include info
  found start of implicit include info
    add: [/usr/lib/gcc/x86_64-linux-gnu/11/include]
    add: [/usr/local/include]
    add: [/usr/include/x86_64-linux-gnu]
    add: [/usr/include]
  end of search list found
  collapse include dir [/usr/lib/gcc/x86_64-linux-gnu/11/include] ==> [/usr/lib/gcc/x86_64-linux-gnu/11/include]
  collapse include dir [/usr/local/include] ==> [/usr/local/include]
  collapse include dir [/usr/include/x86_64-linux-gnu] ==> [/usr/include/x86_64-linux-gnu]
  collapse include dir [/usr/include] ==> [/usr/include]
  implicit include dirs: [/usr/lib/gcc/x86_64-linux-gnu/11/include;/usr/local/include;/usr/include/x86_64-linux-gnu;/usr/include]


Parsed C implicit link information from above output:
  link line regex: [^( *|.*[/\])(ld|CMAKE_LINK_STARTFILE-NOTFOUND|([^/\]+-)?ld|collect2)[^/\]*( |$)]
  ignore line: [Change Dir: /home/thanh/qf_test/quickfix/CMakeFiles/CMakeTmp]
  ignore line: []
  ignore line: [Run Build Command(s):/usr/bin/gmake -f Makefile cmTC_c2b7b/fast && /usr/bin/gmake  -f CMakeFiles/cmTC_c2b7b.dir/build.make CMakeFiles/cmTC_c2b7b.dir/build]
  ignore line: [gmake[1]: Entering directory '/home/thanh/qf_test/quickfix/CMakeFiles/CMakeTmp']
  ignore line: [Building C object CMakeFiles/cmTC_c2b7b.dir/CMakeCCompilerABI.c.o]
  ignore line: [/usr/bin/cc   -v -o CMakeFiles/cmTC_c2b7b.dir/CMakeCCompilerABI.c.o -c /usr/share/cmake-3.22/Modules/CMakeCCompilerABI.c]
  ignore line: [Using built-in specs.]
  ignore line: [COLLECT_GCC=/usr/bin/cc]
  ignore line: [OFFLOAD_TARGET_NAMES=nvptx-none:amdgcn-amdhsa]
  ignore line: [OFFLOAD_TARGET_DEFAULT=1]
  ignore line: [Target: x86_64-linux-gnu]
  ignore line: [Configured with: ../src/configure -v --with-pkgversion='Ubuntu 11.4.0-1ubuntu1~22.04' --with-bugurl=file:///usr/share/doc/gcc-11/README.Bugs --enable-languages=c ada c++ go brig d fortran objc obj-c++ m2 --prefix=/usr --with-gcc-major-version-only --program-suffix=-11 --program-prefix=x86_64-linux-gnu- --enable-shared --enable-linker-build-id --libexecdir=/usr/lib --without-included-gettext --enable-threads=posix --libdir=/usr/lib --enable-nls --enable-bootstrap --enable-clocale=gnu --enable-libstdcxx-debug --enable-libstdcxx-time=yes --with-default-libstdcxx-abi=new --enable-gnu-unique-object --disable-vtable-verify --enable-plugin --enable-default-pie --with-system-zlib --enable-libphobos-checking=release --with-target-system-zlib=auto --enable-objc-gc=auto --enable-multiarch --disable-werror --enable-cet --with-arch-32=i686 --with-abi=m64 --with-multilib-list=m32 m64 mx32 --enable-multilib --with-tune=generic --enable-offload-targets=nvptx-none=/build/gcc-11-XeT9lY/gcc-11-11.4.0/debian/tmp-nvptx/usr amdgcn-amdhsa=/build/gcc-11-XeT9lY/gcc-11-11.4.0/debian/tmp-gcn/usr --without-cuda-driver --enable-checking=release --build=x86_64-linux-gnu --host=x86_64-linux-gnu --target=x86_64-linux-gnu --with-build-config=bootstrap-lto-lean --enable-link-serialization=2]
  ignore line: [Thread model: posix]
  ignore line: [Supported LTO compression algorithms: zlib zstd]
  ignore line: [gcc version 11.4.0 (Ubuntu 11.4.0-1ubuntu1~22.04) ]
  ignore line: [COLLECT_GCC_OPTIONS='-v' '-o' 'CMakeFiles/cmTC_c2b7b.dir/CMakeCCompilerABI.c.o' '-c' '-mtune=generic' '-march=x86-64' '-dumpdir' 'CMakeFiles/cmTC_c2b7b.dir/']
  ignore line: [ /usr/lib/gcc/x86_64-linux-gnu/11/cc1 -quiet -v -imultiarch x86_64-linux-gnu /usr/share/cmake-3.22/Modules/CMakeCCompilerABI.c -quiet -dumpdir CMakeFiles/cmTC_c2b7b.dir/ -dumpbase CMakeCCompilerABI.c.c -dumpbase-ext .c -mtune=generic -march=x86-64 -version -fasynchronous-unwind-tables -fstack-protector-strong -Wformat -Wformat-security -fstack-clash-protection -fcf-protection -o /tmp/ccT13Kgt.s]
  ignore line: [GNU C17 (Ubuntu 11.4.0-1ubuntu1~22.04) version 11.4.0 (x86_64-linux-gnu)]
  ignore line: [	compiled by GNU C version 11.4.0  GMP version 6.2.1  MPFR version 4.1.0  MPC version 1.2.1  isl version isl-0.24-GMP]
  ignore line: []
  ignore line: [GGC heuristics: --param ggc-min-expand=100 --param ggc-min-heapsize=131072]
  ignore line: [ignoring nonexistent directory "/usr/local/include/x86_64-linux-gnu"]
  ignore line: [ignoring nonexistent directory "/usr/lib/gcc/x86_64-linux-gnu/11/include-fixed"]
  ignore line: [ignoring nonexistent directory "/usr/lib/gcc/x86_64-linux-gnu/11/../../../../x86_64-linux-gnu/include"]
  ignore line: [#include "..." search starts here:]
  ignore line: [#include <...> search starts here:]
  ignore line: [ /usr/lib/gcc/x86_64-linux-gnu/11/include]
  ignore line: [ /usr/local/include]
  ignore line: [ /usr/include/x86_64-linux-gnu]
  ignore line: [ /usr/include]
  ignore line: [End of search list.]
  ignore line: [GNU C17 (Ubuntu 11.4.0-1ubuntu1~22.04) version 11.4.0 (x86_64-linux-gnu)]
  ignore line: [	compiled by GNU C version 11.4.0  GMP version 6.2.1  MPFR version 4.1.0  MPC version 1.2.1  isl version isl-0.24-GMP]
  ignore line: []
  ignore line: [GGC heuristics: --param ggc-min-expand=100 --param ggc-min-heapsize=131072]
  ignore line: [Compiler executable checksum: 50eaa2331df977b8016186198deb2d18]
  ignore line: [COLLECT_GCC_OPTIONS='-v' '-o' 'CMakeFiles/cmTC_c2b7b.dir/CMakeCCompilerABI.c.o' '-c' '-mtune=generic' '-march=x86-64' '-dumpdir' 'CMakeFiles/cmTC_c2b7b.dir/']
  ignore line: [ as -v --64 -o CMakeFiles/cmTC_c2b7b.dir/CMakeCCompilerABI.c.o /tmp/ccT13Kgt.s]
  ignore line: [GNU assembler version 2.38 (x86_64-linux-gnu) using BFD version (GNU Binutils for Ubuntu) 2.38]
  ignore line: [COMPILER_PATH=/usr/lib/gcc/x86_64-linux-gnu/11/:/usr/lib/gcc/x86_64-linux-gnu/11/:/usr/lib/gcc/x86_64-linux-gnu/:/usr/lib/gcc/x86_64-linux-gnu/11/:/usr/lib/gcc/x86_64-linux-gnu/]
  ignore line: [LIBRARY_PATH=/usr/lib/gcc/x86_64-linux-gnu/11/:/usr/lib/gcc/x86_64-linux-gnu/11/../../../x86_64-linux-gnu/:/usr/lib/gcc/x86_64-linux-gnu/11/../../../../lib/:/lib/x86_64-linux-gnu/:/lib/../lib/:/usr/lib/x86_64-linux-gnu/:/usr/lib/../lib/:/usr/lib/gcc/x86_64-linux-gnu/11/../../../:/lib/:/usr/lib/]
  ignore line: [COLLECT_GCC_OPTIONS='-v' '-o' 'CMakeFiles/cmTC_c2b7b.dir/CMakeCCompilerABI.c.o' '-c' '-mtune=generic' '-march=x86-64' '-dumpdir' 'CMakeFiles/cmTC_c2b7b.dir/CMakeCCompilerABI.c.']
  ignore line: [Linking C executable cmTC_c2b7b]
  ignore line: [/usr/bin/cmake -E cmake_link_script CMakeFiles/cmTC_c2b7b.dir/link.txt --verbose=1]
  ignore line: [/usr/bin/cc  -v CMakeFiles/cmTC_c2b7b.dir/CMakeCCompilerABI.c.o -o cmTC_c2b7b ]
  ignore line: [Using built-in specs.]
  ignore line: [COLLECT_GCC=/usr/bin/cc]
  ignore line: [COLLECT_LTO_WRAPPER=/usr/lib/gcc/x86_64-linux-gnu/11/lto-wrapper]
  ignore line: [OFFLOAD_TARGET_NAMES=nvptx-none:amdgcn-amdhsa]
  ignore line: [OFFLOAD_TARGET_DEFAULT=1]
  ignore line: [Target: x86_64-linux-gnu]
  ignore line: [Configured with: ../src/configure -v --with-pkgversion='Ubuntu 11.4.0-1ubuntu1~22.04' --with-bugurl=file:///usr/share/doc/gcc-11/README.Bugs --enable-languages=c ada c++ go brig d fortran objc obj-c++ m2 --prefix=/usr --with-gcc-major-version-only --program-suffix=-11 --program-prefix=x86_64-linux-gnu- --enable-shared --enable-linker-build-id --libexecdir=/usr/lib --without-included-gettext --enable-threads=posix --libdir=/usr/lib --enable-nls --enable-bootstrap --enable-clocale=gnu --enable-libstdcxx-debug --enable-libstdcxx-time=yes --with-default-libstdcxx-abi=new --enable-gnu-unique-object --disable-vtable-verify --enable-plugin --enable-default-pie --with-system-zlib --enable-libphobos-checking=release --with-target-system-zlib=auto --enable-objc-gc=auto --enable-multiarch --disable-werror --enable-cet --with-arch-32=i686 --with-abi=m64 --with-multilib-list=m32 m64 mx32 --enable-multilib --with-tune=generic --enable-offload-targets=nvptx-none=/build/gcc-11-XeT9lY/gcc-11-11.4.0/debian/tmp-nvptx/usr amdgcn-amdhsa=/build/gcc-11-XeT9lY/gcc-11-11.4.0/debian/tmp-gcn/usr --without-cuda-driver --enable-checking=release --build=x86_64-linux-gnu --host=x86_64-linux-gnu --target=x86_64-linux-gnu --with-build-config=bootstrap-lto-lean --enable-link-serialization=2]
  ignore line: [Thread model: posix]
  ignore line: [Supported LTO compression algorithms: zlib zstd]
  ignore line: [gcc version 11.4.0 (Ubuntu 11.4.0-1ubuntu1~22.04) ]
  ignore line: [COMPILER_PATH=/usr/lib/gcc/x86_64-linux-gnu/11/:/usr/lib/gcc/x86_64-linux-gnu/11/:/usr/lib/gcc/x86_64-linux-gnu/:/usr/lib/gcc/x86_64-linux-gnu/11/:/usr/lib/gcc/x86_64-linux-gnu/]
  ignore line: [LIBRARY_PATH=/usr/lib/gcc/x86_64-linux-gnu/11/:/usr/lib/gcc/x86_64-linux-gnu/11/../../../x86_64-linux-gnu/:/usr/lib/gcc/x86_64-linux-gnu/11/../../../../lib/:/lib/x86_64-linux-gnu/:/lib/../lib/:/usr/lib/x86_64-linux-gnu/:/usr/lib/../lib/:/usr/lib/gcc/x86_64-linux-gnu/11/../../../:/lib/:/usr/lib/]
  ignore line: [COLLECT_GCC_OPTIONS='-v' '-o' 'cmTC_c2b7b' '-mtune=generic' '-march=x86-64' '-dumpdir' 'cmTC_c2b7b.']
  link line: [ /usr/lib/gcc/x86_64-linux-gnu/11/collect2 -plugin /usr/lib/gcc/x86_64-linux-gnu/11/liblto_plugin.so -plugin-opt=/usr/lib/gcc/x86_64-linux-gnu/11/lto-wrapper -plugin-opt=-fresolution=/tmp/ccwIxkKI.res -plugin-opt=-pass-through=-lgcc -plugin-opt=-pass-through=-lgcc_s -plugin-opt=-pass-through=-lc -plugin-opt=-pass-through=-lgcc -plugin-opt=-pass-through=-lgcc_s --build-id --eh-frame-hdr -m elf_x86_64 --hash-style=gnu --as-needed -dynamic-linker /lib64/ld-linux-x86-64.so.2 -pie -z now -z relro -o cmTC_c2b7b /usr/lib/gcc/x86_64-linux-gnu/11/../../../x86_64-linux-gnu/Scrt1.o /usr/lib/gcc/x86_64-linux-gnu/11/../../../x86_64-linux-gnu/crti.o /usr/lib/gcc/x86_64-linux-gnu/11/crtbeginS.o -L/usr/lib/gcc/x86_64-linux-gnu/11 -L/usr/lib/gcc/x86_64-linux-gnu/11/../../../x86_64-linux-gnu -L/usr/lib/gcc/x86_64-linux-gnu/11/../../../../lib -L/lib/x86_64-linux-gnu -L/lib/../lib -L/usr/lib/x86_64-linux-gnu -L/usr/lib/../lib -L/usr/lib/gcc/x86_64-linux-gnu/11/../../.. CMakeFiles/cmTC_c2b7b.dir/CMakeCCompilerABI.c.o -lgcc --push-state --as-needed -lgcc_s --pop-state -lc -lgcc --push-state --as-needed -lgcc_s --pop-state /usr/lib/gcc/x86_64-linux-gnu/11/crtendS.o /usr/lib/gcc/x86_64-linux-gnu/11/../../../x86_64-linux-gnu/crtn.o]
    arg [/usr/lib/gcc/x86_64-linux-gnu/11/collect2] ==> ignore
    arg [-plugin] ==> ignore
    arg [/usr/lib/gcc/x86_64-linux-gnu/11/liblto_plugin.so] ==> ignore
    arg [-plugin-opt=/usr/lib/gcc/x86_64-linux-gnu/11/lto-wrapper] ==> ignore
    arg [-plugin-opt=-fresolution=/tmp/ccwIxkKI.res] ==> ignore
    arg [-plugin-opt=-pass-through=-lgcc] ==> ignore
    arg [-plugin-opt=-pass-through=-lgcc_s] ==> ignore
    arg [-plugin-opt=-pass-through=-lc] ==> ignore
    arg [-plugin-opt=-pass-through=-lgcc] ==> ignore
    arg [-plugin-opt=-pass-through=-lgcc_s] ==> ignore
    arg [--build-id] ==> ignore
    arg [--eh-frame-hdr] ==> ignore
    arg [-m] ==> ignore
    arg [elf_x86_64] ==> ignore
    arg [--hash-style=gnu] ==> ignore
    arg [--as-needed] ==> ignore
    arg [-dynamic-linker] ==> ignore
    arg [/lib64/ld-linux-x86-64.so.2] ==> ignore
    arg [-pie] ==> ignore
    arg [-znow] ==> ignore
    arg [-zrelro] ==> ignore
    arg [-o] ==> ignore
    arg [cmTC_c2b7b] ==> ignore
    arg [/usr/lib/gcc/x86_64-linux-gnu/11/../../../x86_64-linux-gnu/Scrt1.o] ==> obj [/usr/lib/gcc/x86_64-linux-gnu/11/../../../x86_64-linux-gnu/Scrt1.o]
    arg [/usr/lib/gcc/x86_64-linux-gnu/11/../../../x86_64-linux-gnu/crti.o] ==> obj [/usr/lib/gcc/x86_64-linux-gnu/11/../../../x86_64-linux-gnu/crti.o]
    arg [/usr/lib/gcc/x86_64-linux-gnu/11/crtbeginS.o] ==> obj [/usr/lib/gcc/x86_64-linux-gnu/11/crtbeginS.o]
    arg [-L/usr/lib/gcc/x86_64-linux-gnu/11] ==> dir [/usr/lib/gcc/x86_64-linux-gnu/11]
    arg [-L/usr/lib/gcc/x86_64-linux-gnu/11/../../../x86_64-linux-gnu] ==> dir [/usr/lib/gcc/x86_64-linux-gnu/11/../../../x86_64-linux-gnu]
    arg [-L/usr/lib/gcc/x86_64-linux-gnu/11/../../../../lib] ==> dir [/usr/lib/gcc/x86_64-linux-gnu/11/../../../../lib]
    arg [-L/lib/x86_64-linux-gnu] ==> dir [/lib/x86_64-linux-gnu]
    arg [-L/lib/../lib] ==> dir [/lib/../lib]
    arg [-L/usr/lib/x86_64-linux-gnu] ==> dir [/usr/lib/x86_64-linux-gnu]
    arg [-L/usr/lib/../lib] ==> dir [/usr/lib/../lib]
    arg [-L/usr/lib/gcc/x86_64-linux-gnu/11/../../..] ==> dir [/usr/lib/gcc/x86_64-linux-gnu/11/../../..]
    arg [CMakeFiles/cmTC_c2b7b.dir/CMakeCCompilerABI.c.o] ==> ignore
    arg [-lgcc] ==> lib [gcc]
    arg [--push-state] ==> ignore
    arg [--as-needed] ==> ignore
    arg [-lgcc_s] ==> lib [gcc_s]
    arg [--pop-state] ==> ignore
    arg [-lc] ==> lib [c]
    arg [-lgcc] ==> lib [gcc]
    arg [--push-state] ==> ignore
    arg [--as-needed] ==> ignore
    arg [-lgcc_s] ==> lib [gcc_s]
    arg [--pop-state] ==> ignore
    arg [/usr/lib/gcc/x86_64-linux-gnu/11/crtendS.o] ==> obj [/usr/lib/gcc/x86_64-linux-gnu/11/crtendS.o]
    arg [/usr/lib/gcc/x86_64-linux-gnu/11/../../../x86_64-linux-gnu/crtn.o] ==> obj [/usr/lib/gcc/x86_64-linux-gnu/11/../../../x86_64-linux-gnu/crtn.o]
  collapse obj [/usr/lib/gcc/x86_64-linux-gnu/11/../../../x86_64-linux-gnu/Scrt1.o] ==> [/usr/lib/x86_64-linux-gnu/Scrt1.o]
  collapse obj [/usr/lib/gcc/x86_64-linux-gnu/11/../../../x86_64-linux-gnu/crti.o] ==> [/usr/lib/x86_64-linux-gnu/crti.o]
  collapse obj [/usr/lib/gcc/x86_64-linux-gnu/11/../../../x86_64-linux-gnu/crtn.o] ==> [/usr/lib/x86_64-linux-gnu/crtn.o]
  collapse library dir [/usr/lib/gcc/x86_64-linux-gnu/11] ==> [/usr/lib/gcc/x86_64-linux-gnu/11]
  collapse library dir [/usr/lib/gcc/x86_64-linux-gnu/11/../../../x86_64-linux-gnu] ==> [/usr/lib/x86_64-linux-gnu]
  collapse library dir [/usr/lib/gcc/x86_64-linux-gnu/11/../../../../lib] ==> [/usr/lib]
  collapse library dir [/lib/x86_64-linux-gnu] ==> [/lib/x86_64-linux-gnu]
  collapse library dir [/lib/../lib] ==> [/lib]
  collapse library dir [/usr/lib/x86_64-linux-gnu] ==> [/usr/lib/x86_64-linux-gnu]
  collapse library dir [/usr/lib/../lib] ==> [/usr/lib]
  collapse library dir [/usr/lib/gcc/x86_64-linux-gnu/11/../../..] ==> [/usr/lib]
  implicit libs: [gcc;gcc_s;c;gcc;gcc_s]
  implicit objs: [/usr/lib/x86_64-linux-gnu/Scrt1.o;/usr/lib/x86_64-linux-gnu/crti.o;/usr/lib/gcc/x86_64-linux-gnu/11/crtbeginS.o;/usr/lib/gcc/x86_64-linux-gnu/11/crtendS.o;/usr/lib/x86_64-linux-gnu/crtn.o]
  implicit dirs: [/usr/lib/gcc/x86_64-linux-gnu/11;/usr/lib/x86_64-linux-gnu;/usr/lib;/lib/x86_64-linux-gnu;/lib]
  implicit fwks: []


Determining if files dlfcn.h exist passed with the following output:
Change Dir: /home/thanh/qf_test/quickfix/CMakeFiles/CMakeTmp

Run Build Command(s):/usr/bin/gmake -f Makefile cmTC_15a47/fast && /usr/bin/gmake  -f CMakeFiles/cmTC_15a47.dir/build.make CMakeFiles/cmTC_15a47.dir/build
gmake[1]: Entering directory '/home/thanh/qf_test/quickfix/CMakeFiles/CMakeTmp'
Building C object CMakeFiles/cmTC_15a47.dir/HAVE_DLFCN_H.c.o
/usr/bin/cc    -o CMakeFiles/cmTC_15a47.dir/HAVE_DLFCN_H.c.o -c /home/thanh/qf_test/quickfix/CMakeFiles/CheckIncludeFiles/HAVE_DLFCN_H.c
Linking C executable cmTC_15a47
/usr/bin/cmake -E cmake_link_script CMakeFiles/cmTC_15a47.dir/link.txt --verbose=1
/usr/bin/cc CMakeFiles/cmTC_15a47.dir/HAVE_DLFCN_H.c.o -o cmTC_15a47 
gmake[1]: Leaving directory '/home/thanh/qf_test/quickfix/CMakeFiles/CMakeTmp'



Determining if files inttypes.h exist passed with the following output:
Change Dir: /home/thanh/qf_test/quickfix/CMakeFiles/CMakeTmp

Run Build Command(s):/usr/bin/gmake -f Makefile cmTC_1577f/fast && /usr/bin/gmake  -f CMakeFiles/cmTC_1577f.dir/build.make CMakeFiles/cmTC_1577f.dir/build
gmake[1]: Entering directory '/home/thanh/qf_test/quickfix/CMakeFiles/CMakeTmp'
Building C object CMakeFiles/cmTC_1577f.dir/HAVE_INTTYPES_H.c.o
/usr/bin/cc    -o CMakeFiles/cmTC_1577f.dir/HAVE_INTTYPES_H.c.o -c /home/thanh/qf_test/quickfix/CMakeFiles/CheckIncludeFiles/HAVE_INTTYPES_H.c
Linking C executable cmTC_1577f
/usr/bin/cmake -E cmake_link_script CMakeFiles/cmTC_1577f.dir/link.txt --verbose=1
/usr/bin/cc CMakeFiles/cmTC_1577f.dir/HAVE_INTTYPES_H.c.o -o cmTC_1577f 
gmake[1]: Leaving directory '/home/thanh/qf_test/quickfix/CMakeFiles/CMakeTmp'



Determining if files stdint.h exist passed with the following output:
Change Dir: /home/thanh/qf_test/quickfix/CMakeFiles/CMakeTmp

Run Build Command(s):/usr/bin/gmake -f Makefile cmTC_bd2e2/fast && /usr/bin/gmake  -f CMakeFiles/cmTC_bd2e2.dir/build.make CMakeFiles/cmTC_bd2e2.dir/build
gmake[1]: Entering directory '/home/thanh/qf_test/quickfix/CMakeFiles/CMakeTmp'
Building C object CMakeFiles/cmTC_bd2e2.dir/HAVE_STDINT_H.c.o
/usr/bin/cc    -o CMakeFiles/cmTC_bd2e2.dir/HAVE_STDINT_H.c.o -c /home/thanh/qf_test/quickfix/CMakeFiles/CheckIncludeFiles/HAVE_STDINT_H.c
Linking C executable cmTC_bd2e2
/usr/bin/cmake -E cmake_link_script CMakeFiles/cmTC_bd2e2.dir/link.txt --verbose=1
/usr/bin/cc CMakeFiles/cmTC_bd2e2.dir/HAVE_STDINT_H.c.o -o cmTC_bd2e2 
gmake[1]: Leaving directory '/home/thanh/qf_test/quickfix/CMakeFiles/CMakeTmp'



Determining if files stdio.h exist passed with the following output:
Change Dir: /home/thanh/qf_test/quickfix/CMakeFiles/CMakeTmp

Run Build Command(s):/usr/bin/gmake -f Makefile cmTC_29917/fast && /usr/bin/gmake  -f CMakeFiles/cmTC_29917.dir/build.make CMakeFiles/cmTC_29917.dir/build
gmake[1]: Entering directory '/home/thanh/qf_test/quickfix/CMakeFiles/CMakeTmp'
Building C object CMakeFiles/cmTC_29917.dir/HAVE_STDIO_H.c.o
/usr/bin/cc    -o CMakeFiles/cmTC_29917.dir/HAVE_STDIO_H.c.o -c /home/thanh/qf_test/quickfix/CMakeFiles/CheckIncludeFiles/HAVE_STDIO_H.c
Linking C executable cmTC_29917
/usr/bin/cmake -E cmake_link_script CMakeFiles/cmTC_29917.dir/link.txt --verbose=1
/usr/bin/cc CMakeFiles/cmTC_29917.dir/HAVE_STDIO_H.c.o -o cmTC_29917 
gmake[1]: Leaving directory '/home/thanh/qf_test/quickfix/CMakeFiles/CMakeTmp'



Determining if files stdlib.h exist passed with the following output:
Change Dir: /home/thanh/qf_test/quickfix/CMakeFiles/CMakeTmp

Run Build Command(s):/usr/bin/gmake -f Makefile cmTC_d480a/fast && /usr/bin/gmake  -f CMakeFiles/cmTC_d480a.dir/build.make CMakeFiles/cmTC_d480a.dir/build
gmake[1]: Entering directory '/home/thanh/qf_test/quickfix/CMakeFiles/CMakeTmp'
Building C object CMakeFiles/cmTC_d480a.dir/HAVE_STDLIB_H.c.o
/usr/bin/cc    -o CMakeFiles/cmTC_d480a.dir/HAVE_STDLIB_H.c.o -c /home/thanh/qf_test/quickfix/CMakeFiles/CheckIncludeFiles/HAVE_STDLIB_H.c
Linking C executable cmTC_d480a
/usr/bin/cmake -E cmake_link_script CMakeFiles/cmTC_d480a.dir/link.txt --verbose=1
/usr/bin/cc CMakeFiles/cmTC_d480a.dir/HAVE_STDLIB_H.c.o -o cmTC_d480a 
gmake[1]: Leaving directory '/home/thanh/qf_test/quickfix/CMakeFiles/CMakeTmp'



Determining if files strings.h exist passed with the following output:
Change Dir: /home/thanh/qf_test/quickfix/CMakeFiles/CMakeTmp

Run Build Command(s):/usr/bin/gmake -f Makefile cmTC_97dd4/fast && /usr/bin/gmake  -f CMakeFiles/cmTC_97dd4.dir/build.make CMakeFiles/cmTC_97dd4.dir/build
gmake[1]: Entering directory '/home/thanh/qf_test/quickfix/CMakeFiles/CMakeTmp'
Building C object CMakeFiles/cmTC_97dd4.dir/HAVE_STRINGS_H.c.o
/usr/bin/cc    -o CMakeFiles/cmTC_97dd4.dir/HAVE_STRINGS_H.c.o -c /home/thanh/qf_test/quickfix/CMakeFiles/CheckIncludeFiles/HAVE_STRINGS_H.c
Linking C executable cmTC_97dd4
/usr/bin/cmake -E cmake_link_script CMakeFiles/cmTC_97dd4.dir/link.txt --verbose=1
/usr/bin/cc CMakeFiles/cmTC_97dd4.dir/HAVE_STRINGS_H.c.o -o cmTC_97dd4 
gmake[1]: Leaving directory '/home/thanh/qf_test/quickfix/CMakeFiles/CMakeTmp'



Determining if files string.h exist passed with the following output:
Change Dir: /home/thanh/qf_test/quickfix/CMakeFiles/CMakeTmp

Run Build Command(s):/usr/bin/gmake -f Makefile cmTC_24314/fast && /usr/bin/gmake  -f CMakeFiles/cmTC_24314.dir/build.make CMakeFiles/cmTC_24314.dir/build
gmake[1]: Entering directory '/home/thanh/qf_test/quickfix/CMakeFiles/CMakeTmp'
Building C object CMakeFiles/cmTC_24314.dir/HAVE_STRING_H.c.o
/usr/bin/cc    -o CMakeFiles/cmTC_24314.dir/HAVE_STRING_H.c.o -c /home/thanh/qf_test/quickfix/CMakeFiles/CheckIncludeFiles/HAVE_STRING_H.c
Linking C executable cmTC_24314
/usr/bin/cmake -E cmake_link_script CMakeFiles/cmTC_24314.dir/link.txt --verbose=1
/usr/bin/cc CMakeFiles/cmTC_24314.dir/HAVE_STRING_H.c.o -o cmTC_24314 
gmake[1]: Leaving directory '/home/thanh/qf_test/quickfix/CMakeFiles/CMakeTmp'



Determining if files sys/stat.h exist passed with the following output:
Change Dir: /home/thanh/qf_test/quickfix/CMakeFiles/CMakeTmp

Run Build Command(s):/usr/bin/gmake -f Makefile cmTC_c089c/fast && /usr/bin/gmake  -f CMakeFiles/cmTC_c089c.dir/build.make CMakeFiles/cmTC_c089c.dir/build
gmake[1]: Entering directory '/home/thanh/qf_test/quickfix/CMakeFiles/CMakeTmp'
Building C object CMakeFiles/cmTC_c089c.dir/HAVE_SYS_STAT_H.c.o
/usr/bin/cc    -o CMakeFiles/cmTC_c089c.dir/HAVE_SYS_STAT_H.c.o -c /home/thanh/qf_test/quickfix/CMakeFiles/CheckIncludeFiles/HAVE_SYS_STAT_H.c
Linking C executable cmTC_c089c
/usr/bin/cmake -E cmake_link_script CMakeFiles/cmTC_c089c.dir/link.txt --verbose=1
/usr/bin/cc CMakeFiles/cmTC_c089c.dir/HAVE_SYS_STAT_H.c.o -o cmTC_c089c 
gmake[1]: Leaving directory '/home/thanh/qf_test/quickfix/CMakeFiles/CMakeTmp'



Determining if files sys/types.h exist passed with the following output:
Change Dir: /home/thanh/qf_test/quickfix/CMakeFiles/CMakeTmp

Run Build Command(s):/usr/bin/gmake -f Makefile cmTC_3d384/fast && /usr/bin/gmake  -f CMakeFiles/cmTC_3d384.dir/build.make CMakeFiles/cmTC_3d384.dir/build
gmake[1]: Entering directory '/home/thanh/qf_test/quickfix/CMakeFiles/CMakeTmp'
Building C object CMakeFiles/cmTC_3d384.dir/HAVE_SYS_TYPES_H.c.o
/usr/bin/cc    -o CMakeFiles/cmTC_3d384.dir/HAVE_SYS_TYPES_H.c.o -c /home/thanh/qf_test/quickfix/CMakeFiles/CheckIncludeFiles/HAVE_SYS_TYPES_H.c
Linking C executable cmTC_3d384
/usr/bin/cmake -E cmake_link_script CMakeFiles/cmTC_3d384.dir/link.txt --verbose=1
/usr/bin/cc CMakeFiles/cmTC_3d384.dir/HAVE_SYS_TYPES_H.c.o -o cmTC_3d384 
gmake[1]: Leaving directory '/home/thanh/qf_test/quickfix/CMakeFiles/CMakeTmp'



Determining if files unistd.h exist passed with the following output:
Change Dir: /home/thanh/qf_test/quickfix/CMakeFiles/CMakeTmp

Run Build Command(s):/usr/bin/gmake -f Makefile cmTC_c8cb2/fast && /usr/bin/gmake  -f CMakeFiles/cmTC_c8cb2.dir/build.make CMakeFiles/cmTC_c8cb2.dir/build
gmake[1]: Entering directory '/home/thanh/qf_test/quickfix/CMakeFiles/CMakeTmp'
Building C object CMakeFiles/cmTC_c8cb2.dir/HAVE_UNISTD_H.c.o
/usr/bin/cc    -o CMakeFiles/cmTC_c8cb2.dir/HAVE_UNISTD_H.c.o -c /home/thanh/qf_test/quickfix/CMakeFiles/CheckIncludeFiles/HAVE_UNISTD_H.c
Linking C executable cmTC_c8cb2
/usr/bin/cmake -E cmake_link_script CMakeFiles/cmTC_c8cb2.dir/link.txt --verbose=1
/usr/bin/cc CMakeFiles/cmTC_c8cb2.dir/HAVE_UNISTD_H.c.o -o cmTC_c8cb2 
gmake[1]: Leaving directory '/home/thanh/qf_test/quickfix/CMakeFiles/CMakeTmp'



Determining if the gettimeofday exist passed with the following output:
Change Dir: /home/thanh/qf_test/quickfix/CMakeFiles/CMakeTmp

Run Build Command(s):/usr/bin/gmake -f Makefile cmTC_31d11/fast && /usr/bin/gmake  -f CMakeFiles/cmTC_31d11.dir/build.make CMakeFiles/cmTC_31d11.dir/build
gmake[1]: Entering directory '/home/thanh/qf_test/quickfix/CMakeFiles/CMakeTmp'
Building C object CMakeFiles/cmTC_31d11.dir/CheckSymbolExists.c.o
/usr/bin/cc    -o CMakeFiles/cmTC_31d11.dir/CheckSymbolExists.c.o -c /home/thanh/qf_test/quickfix/CMakeFiles/CMakeTmp/CheckSymbolExists.c
Linking C executable cmTC_31d11
/usr/bin/cmake -E cmake_link_script CMakeFiles/cmTC_31d11.dir/link.txt --verbose=1
/usr/bin/cc CMakeFiles/cmTC_31d11.dir/CheckSymbolExists.c.o -o cmTC_31d11 
gmake[1]: Leaving directory '/home/thanh/qf_test/quickfix/CMakeFiles/CMakeTmp'


File /home/thanh/qf_test/quickfix/CMakeFiles/CMakeTmp/CheckSymbolExists.c:
/* */
#include <sys/time.h>

int main(int argc, char** argv)
{
  (void)argv;
#ifndef gettimeofday
  return ((int*)(&gettimeofday))[argc];
#else
  (void)argc;
  return 0;
#endif
}
Determining if the function gethostbyname_r exists passed with the following output:
Change Dir: /home/thanh/qf_test/quickfix/CMakeFiles/CMakeTmp

Run Build Command(s):/usr/bin/gmake -f Makefile cmTC_b4c99/fast && /usr/bin/gmake  -f CMakeFiles/cmTC_b4c99.dir/build.make CMakeFiles/cmTC_b4c99.dir/build
gmake[1]: Entering directory '/home/thanh/qf_test/quickfix/CMakeFiles/CMakeTmp'
Building C object CMakeFiles/cmTC_b4c99.dir/CheckFunctionExists.c.o
/usr/bin/cc   -DCHECK_FUNCTION_EXISTS=gethostbyname_r -o CMakeFiles/cmTC_b4c99.dir/CheckFunctionExists.c.o -c /usr/share/cmake-3.22/Modules/CheckFunctionExists.c
Linking C executable cmTC_b4c99
/usr/bin/cmake -E cmake_link_script CMakeFiles/cmTC_b4c99.dir/link.txt --verbose=1
/usr/bin/cc  -DCHECK_FUNCTION_EXISTS=gethostbyname_r CMakeFiles/cmTC_b4c99.dir/CheckFunctionExists.c.o -o cmTC_b4c99 
gmake[1]: Leaving directory '/home/thanh/qf_test/quickfix/CMakeFiles/CMakeTmp'



Determining if the prototype gethostbyname_r exists for HAVE_GETHOSTBYNAME_R_6_ARG passed with the following output:
Change Dir: /home/thanh/qf_test/quickfix/CMakeFiles/CMakeTmp

Run Build Command(s):/usr/bin/gmake -f Makefile cmTC_085be/fast && /usr/bin/gmake  -f CMakeFiles/cmTC_085be.dir/build.make CMakeFiles/cmTC_085be.dir/build
gmake[1]: Entering directory '/home/thanh/qf_test/quickfix/CMakeFiles/CMakeTmp'
Building C object CMakeFiles/cmTC_085be.dir/CheckPrototypeDefinition.c.o
/usr/bin/cc    -o CMakeFiles/cmTC_085be.dir/CheckPrototypeDefinition.c.o -c /home/thanh/qf_test/quickfix/CMakeFiles/CMakeTmp/CheckPrototypeDefinition.c
Linking C executable cmTC_085be
/usr/bin/cmake -E cmake_link_script CMakeFiles/cmTC_085be.dir/link.txt --verbose=1
/usr/bin/cc CMakeFiles/cmTC_085be.dir/CheckPrototypeDefinition.c.o -o cmTC_085be 
gmake[1]: Leaving directory '/home/thanh/qf_test/quickfix/CMakeFiles/CMakeTmp'



Determining if files dlfcn.h exist passed with the following output:
Change Dir: /home/thanh/qf_test/quickfix/CMakeFiles/CMakeTmp

Run Build Command(s):/usr/bin/gmake -f Makefile cmTC_0fef3/fast && /usr/bin/gmake  -f CMakeFiles/cmTC_0fef3.dir/build.make CMakeFiles/cmTC_0fef3.dir/build
gmake[1]: Entering directory '/home/thanh/qf_test/quickfix/CMakeFiles/CMakeTmp'
Building C object CMakeFiles/cmTC_0fef3.dir/HAVE_DLFCN_H.c.o
/usr/bin/cc    -o CMakeFiles/cmTC_0fef3.dir/HAVE_DLFCN_H.c.o -c /home/thanh/qf_test/quickfix/CMakeFiles/CheckIncludeFiles/HAVE_DLFCN_H.c
Linking C executable cmTC_0fef3
/usr/bin/cmake -E cmake_link_script CMakeFiles/cmTC_0fef3.dir/link.txt --verbose=1
/usr/bin/cc CMakeFiles/cmTC_0fef3.dir/HAVE_DLFCN_H.c.o -o cmTC_0fef3 
gmake[1]: Leaving directory '/home/thanh/qf_test/quickfix/CMakeFiles/CMakeTmp'



Determining if files inttypes.h exist passed with the following output:
Change Dir: /home/thanh/qf_test/quickfix/CMakeFiles/CMakeTmp

Run Build Command(s):/usr/bin/gmake -f Makefile cmTC_52282/fast && /usr/bin/gmake  -f CMakeFiles/cmTC_52282.dir/build.make CMakeFiles/cmTC_52282.dir/build
gmake[1]: Entering directory '/home/thanh/qf_test/quickfix/CMakeFiles/CMakeTmp'
Building C object CMakeFiles/cmTC_52282.dir/HAVE_INTTYPES_H.c.o
/usr/bin/cc    -o CMakeFiles/cmTC_52282.dir/HAVE_INTTYPES_H.c.o -c /home/thanh/qf_test/quickfix/CMakeFiles/CheckIncludeFiles/HAVE_INTTYPES_H.c
Linking C executable cmTC_52282
/usr/bin/cmake -E cmake_link_script CMakeFiles/cmTC_52282.dir/link.txt --verbose=1
/usr/bin/cc CMakeFiles/cmTC_52282.dir/HAVE_INTTYPES_H.c.o -o cmTC_52282 
gmake[1]: Leaving directory '/home/thanh/qf_test/quickfix/CMakeFiles/CMakeTmp'



Determining if files stdint.h exist passed with the following output:
Change Dir: /home/thanh/qf_test/quickfix/CMakeFiles/CMakeTmp

Run Build Command(s):/usr/bin/gmake -f Makefile cmTC_80d54/fast && /usr/bin/gmake  -f CMakeFiles/cmTC_80d54.dir/build.make CMakeFiles/cmTC_80d54.dir/build
gmake[1]: Entering directory '/home/thanh/qf_test/quickfix/CMakeFiles/CMakeTmp'
Building C object CMakeFiles/cmTC_80d54.dir/HAVE_STDINT_H.c.o
/usr/bin/cc    -o CMakeFiles/cmTC_80d54.dir/HAVE_STDINT_H.c.o -c /home/thanh/qf_test/quickfix/CMakeFiles/CheckIncludeFiles/HAVE_STDINT_H.c
Linking C executable cmTC_80d54
/usr/bin/cmake -E cmake_link_script CMakeFiles/cmTC_80d54.dir/link.txt --verbose=1
/usr/bin/cc CMakeFiles/cmTC_80d54.dir/HAVE_STDINT_H.c.o -o cmTC_80d54 
gmake[1]: Leaving directory '/home/thanh/qf_test/quickfix/CMakeFiles/CMakeTmp'



Determining if files stdio.h exist passed with the following output:
Change Dir: /home/thanh/qf_test/quickfix/CMakeFiles/CMakeTmp

Run Build Command(s):/usr/bin/gmake -f Makefile cmTC_5603a/fast && /usr/bin/gmake  -f CMakeFiles/cmTC_5603a.dir/build.make CMakeFiles/cmTC_5603a.dir/build
gmake[1]: Entering directory '/home/thanh/qf_test/quickfix/CMakeFiles/CMakeTmp'
Building C object CMakeFiles/cmTC_5603a.dir/HAVE_STDIO_H.c.o
/usr/bin/cc    -o CMakeFiles/cmTC_5603a.dir/HAVE_STDIO_H.c.o -c /home/thanh/qf_test/quickfix/CMakeFiles/CheckIncludeFiles/HAVE_STDIO_H.c
Linking C executable cmTC_5603a
/usr/bin/cmake -E cmake_link_script CMakeFiles/cmTC_5603a.dir/link.txt --verbose=1
/usr/bin/cc CMakeFiles/cmTC_5603a.dir/HAVE_STDIO_H.c.o -o cmTC_5603a 
gmake[1]: Leaving directory '/home/thanh/qf_test/quickfix/CMakeFiles/CMakeTmp'



Determining if files stdlib.h exist passed with the following output:
Change Dir: /home/thanh/qf_test/quickfix/CMakeFiles/CMakeTmp

Run Build Command(s):/usr/bin/gmake -f Makefile cmTC_a086b/fast && /usr/bin/gmake  -f CMakeFiles/cmTC_a086b.dir/build.make CMakeFiles/cmTC_a086b.dir/build
gmake[1]: Entering directory '/home/thanh/qf_test/quickfix/CMakeFiles/CMakeTmp'
Building C object CMakeFiles/cmTC_a086b.dir/HAVE_STDLIB_H.c.o
/usr/bin/cc    -o CMakeFiles/cmTC_a086b.dir/HAVE_STDLIB_H.c.o -c /home/thanh/qf_test/quickfix/CMakeFiles/CheckIncludeFiles/HAVE_STDLIB_H.c
Linking C executable cmTC_a086b
/usr/bin/cmake -E cmake_link_script CMakeFiles/cmTC_a086b.dir/link.txt --verbose=1
/usr/bin/cc CMakeFiles/cmTC_a086b.dir/HAVE_STDLIB_H.c.o -o cmTC_a086b 
gmake[1]: Leaving directory '/home/thanh/qf_test/quickfix/CMakeFiles/CMakeTmp'



Determining if files strings.h exist passed with the following output:
Change Dir: /home/thanh/qf_test/quickfix/CMakeFiles/CMakeTmp

Run Build Command(s):/usr/bin/gmake -f Makefile cmTC_23900/fast && /usr/bin/gmake  -f CMakeFiles/cmTC_23900.dir/build.make CMakeFiles/cmTC_23900.dir/build
gmake[1]: Entering directory '/home/thanh/qf_test/quickfix/CMakeFiles/CMakeTmp'
Building C object CMakeFiles/cmTC_23900.dir/HAVE_STRINGS_H.c.o
/usr/bin/cc    -o CMakeFiles/cmTC_23900.dir/HAVE_STRINGS_H.c.o -c /home/thanh/qf_test/quickfix/CMakeFiles/CheckIncludeFiles/HAVE_STRINGS_H.c
Linking C executable cmTC_23900
/usr/bin/cmake -E cmake_link_script CMakeFiles/cmTC_23900.dir/link.txt --verbose=1
/usr/bin/cc CMakeFiles/cmTC_23900.dir/HAVE_STRINGS_H.c.o -o cmTC_23900 
gmake[1]: Leaving directory '/home/thanh/qf_test/quickfix/CMakeFiles/CMakeTmp'



Determining if files string.h exist passed with the following output:
Change Dir: /home/thanh/qf_test/quickfix/CMakeFiles/CMakeTmp

Run Build Command(s):/usr/bin/gmake -f Makefile cmTC_af63a/fast && /usr/bin/gmake  -f CMakeFiles/cmTC_af63a.dir/build.make CMakeFiles/cmTC_af63a.dir/build
gmake[1]: Entering directory '/home/thanh/qf_test/quickfix/CMakeFiles/CMakeTmp'
Building C object CMakeFiles/cmTC_af63a.dir/HAVE_STRING_H.c.o
/usr/bin/cc    -o CMakeFiles/cmTC_af63a.dir/HAVE_STRING_H.c.o -c /home/thanh/qf_test/quickfix/CMakeFiles/CheckIncludeFiles/HAVE_STRING_H.c
Linking C executable cmTC_af63a
/usr/bin/cmake -E cmake_link_script CMakeFiles/cmTC_af63a.dir/link.txt --verbose=1
/usr/bin/cc CMakeFiles/cmTC_af63a.dir/HAVE_STRING_H.c.o -o cmTC_af63a 
gmake[1]: Leaving directory '/home/thanh/qf_test/quickfix/CMakeFiles/CMakeTmp'



Determining if files sys/stat.h exist passed with the following output:
Change Dir: /home/thanh/qf_test/quickfix/CMakeFiles/CMakeTmp

Run Build Command(s):/usr/bin/gmake -f Makefile cmTC_1cc86/fast && /usr/bin/gmake  -f CMakeFiles/cmTC_1cc86.dir/build.make CMakeFiles/cmTC_1cc86.dir/build
gmake[1]: Entering directory '/home/thanh/qf_test/quickfix/CMakeFiles/CMakeTmp'
Building C object CMakeFiles/cmTC_1cc86.dir/HAVE_SYS_STAT_H.c.o
/usr/bin/cc    -o CMakeFiles/cmTC_1cc86.dir/HAVE_SYS_STAT_H.c.o -c /home/thanh/qf_test/quickfix/CMakeFiles/CheckIncludeFiles/HAVE_SYS_STAT_H.c
Linking C executable cmTC_1cc86
/usr/bin/cmake -E cmake_link_script CMakeFiles/cmTC_1cc86.dir/link.txt --verbose=1
/usr/bin/cc CMakeFiles/cmTC_1cc86.dir/HAVE_SYS_STAT_H.c.o -o cmTC_1cc86 
gmake[1]: Leaving directory '/home/thanh/qf_test/quickfix/CMakeFiles/CMakeTmp'



Determining if files sys/types.h exist passed with the following output:
Change Dir: /home/thanh/qf_test/quickfix/CMakeFiles/CMakeTmp

Run Build Command(s):/usr/bin/gmake -f Makefile cmTC_6ec59/fast && /usr/bin/gmake  -f CMakeFiles/cmTC_6ec59.dir/build.make CMakeFiles/cmTC_6ec59.dir/build
gmake[1]: Entering directory '/home/thanh/qf_test/quickfix/CMakeFiles/CMakeTmp'
Building C object CMakeFiles/cmTC_6ec59.dir/HAVE_SYS_TYPES_H.c.o
/usr/bin/cc    -o CMakeFiles/cmTC_6ec59.dir/HAVE_SYS_TYPES_H.c.o -c /home/thanh/qf_test/quickfix/CMakeFiles/CheckIncludeFiles/HAVE_SYS_TYPES_H.c
Linking C executable cmTC_6ec59
/usr/bin/cmake -E cmake_link_script CMakeFiles/cmTC_6ec59.dir/link.txt --verbose=1
/usr/bin/cc CMakeFiles/cmTC_6ec59.dir/HAVE_SYS_TYPES_H.c.o -o cmTC_6ec59 
gmake[1]: Leaving directory '/home/thanh/qf_test/quickfix/CMakeFiles/CMakeTmp'



Determining if files unistd.h exist passed with the following output:
Change Dir: /home/thanh/qf_test/quickfix/CMakeFiles/CMakeTmp

Run Build Command(s):/usr/bin/gmake -f Makefile cmTC_2c66e/fast && /usr/bin/gmake  -f CMakeFiles/cmTC_2c66e.dir/build.make CMakeFiles/cmTC_2c66e.dir/build
gmake[1]: Entering directory '/home/thanh/qf_test/quickfix/CMakeFiles/CMakeTmp'
Building C object CMakeFiles/cmTC_2c66e.dir/HAVE_UNISTD_H.c.o
/usr/bin/cc    -o CMakeFiles/cmTC_2c66e.dir/HAVE_UNISTD_H.c.o -c /home/thanh/qf_test/quickfix/CMakeFiles/CheckIncludeFiles/HAVE_UNISTD_H.c
Linking C executable cmTC_2c66e
/usr/bin/cmake -E cmake_link_script CMakeFiles/cmTC_2c66e.dir/link.txt --verbose=1
/usr/bin/cc CMakeFiles/cmTC_2c66e.dir/HAVE_UNISTD_H.c.o -o cmTC_2c66e 
gmake[1]: Leaving directory '/home/thanh/qf_test/quickfix/CMakeFiles/CMakeTmp'



Determining if the gettimeofday exist passed with the following output:
Change Dir: /home/thanh/qf_test/quickfix/CMakeFiles/CMakeTmp

Run Build Command(s):/usr/bin/gmake -f Makefile cmTC_455ce/fast && /usr/bin/gmake  -f CMakeFiles/cmTC_455ce.dir/build.make CMakeFiles/cmTC_455ce.dir/build
gmake[1]: Entering directory '/home/thanh/qf_test/quickfix/CMakeFiles/CMakeTmp'
Building C object CMakeFiles/cmTC_455ce.dir/CheckSymbolExists.c.o
/usr/bin/cc    -o CMakeFiles/cmTC_455ce.dir/CheckSymbolExists.c.o -c /home/thanh/qf_test/quickfix/CMakeFiles/CMakeTmp/CheckSymbolExists.c
Linking C executable cmTC_455ce
/usr/bin/cmake -E cmake_link_script CMakeFiles/cmTC_455ce.dir/link.txt --verbose=1
/usr/bin/cc CMakeFiles/cmTC_455ce.dir/CheckSymbolExists.c.o -o cmTC_455ce 
gmake[1]: Leaving directory '/home/thanh/qf_test/quickfix/CMakeFiles/CMakeTmp'


File /home/thanh/qf_test/quickfix/CMakeFiles/CMakeTmp/CheckSymbolExists.c:
/* */
#include <sys/time.h>

int main(int argc, char** argv)
{
  (void)argv;
#ifndef gettimeofday
  return ((int*)(&gettimeofday))[argc];
#else
  (void)argc;
  return 0;
#endif
}
Determining if the function gethostbyname_r exists passed with the following output:
Change Dir: /home/thanh/qf_test/quickfix/CMakeFiles/CMakeTmp

Run Build Command(s):/usr/bin/gmake -f Makefile cmTC_cd4bf/fast && /usr/bin/gmake  -f CMakeFiles/cmTC_cd4bf.dir/build.make CMakeFiles/cmTC_cd4bf.dir/build
gmake[1]: Entering directory '/home/thanh/qf_test/quickfix/CMakeFiles/CMakeTmp'
Building C object CMakeFiles/cmTC_cd4bf.dir/CheckFunctionExists.c.o
/usr/bin/cc   -DCHECK_FUNCTION_EXISTS=gethostbyname_r -o CMakeFiles/cmTC_cd4bf.dir/CheckFunctionExists.c.o -c /usr/share/cmake-3.22/Modules/CheckFunctionExists.c
Linking C executable cmTC_cd4bf
/usr/bin/cmake -E cmake_link_script CMakeFiles/cmTC_cd4bf.dir/link.txt --verbose=1
/usr/bin/cc  -DCHECK_FUNCTION_EXISTS=gethostbyname_r CMakeFiles/cmTC_cd4bf.dir/CheckFunctionExists.c.o -o cmTC_cd4bf 
gmake[1]: Leaving directory '/home/thanh/qf_test/quickfix/CMakeFiles/CMakeTmp'



Determining if the prototype gethostbyname_r exists for HAVE_GETHOSTBYNAME_R_6_ARG passed with the following output:
Change Dir: /home/thanh/qf_test/quickfix/CMakeFiles/CMakeTmp

Run Build Command(s):/usr/bin/gmake -f Makefile cmTC_1d89d/fast && /usr/bin/gmake  -f CMakeFiles/cmTC_1d89d.dir/build.make CMakeFiles/cmTC_1d89d.dir/build
gmake[1]: Entering directory '/home/thanh/qf_test/quickfix/CMakeFiles/CMakeTmp'
Building C object CMakeFiles/cmTC_1d89d.dir/CheckPrototypeDefinition.c.o
/usr/bin/cc    -o CMakeFiles/cmTC_1d89d.dir/CheckPrototypeDefinition.c.o -c /home/thanh/qf_test/quickfix/CMakeFiles/CMakeTmp/CheckPrototypeDefinition.c
Linking C executable cmTC_1d89d
/usr/bin/cmake -E cmake_link_script CMakeFiles/cmTC_1d89d.dir/link.txt --verbose=1
/usr/bin/cc CMakeFiles/cmTC_1d89d.dir/CheckPrototypeDefinition.c.o -o cmTC_1d89d 
gmake[1]: Leaving directory '/home/thanh/qf_test/quickfix/CMakeFiles/CMakeTmp'



Determining if files dlfcn.h exist passed with the following output:
Change Dir: /home/thanh/qf_test/quickfix/CMakeFiles/CMakeTmp

Run Build Command(s):/usr/bin/gmake -f Makefile cmTC_3393d/fast && /usr/bin/gmake  -f CMakeFiles/cmTC_3393d.dir/build.make CMakeFiles/cmTC_3393d.dir/build
gmake[1]: Entering directory '/home/thanh/qf_test/quickfix/CMakeFiles/CMakeTmp'
Building C object CMakeFiles/cmTC_3393d.dir/HAVE_DLFCN_H.c.o
/usr/bin/cc    -o CMakeFiles/cmTC_3393d.dir/HAVE_DLFCN_H.c.o -c /home/thanh/qf_test/quickfix/CMakeFiles/CheckIncludeFiles/HAVE_DLFCN_H.c
Linking C executable cmTC_3393d
/usr/bin/cmake -E cmake_link_script CMakeFiles/cmTC_3393d.dir/link.txt --verbose=1
/usr/bin/cc CMakeFiles/cmTC_3393d.dir/HAVE_DLFCN_H.c.o -o cmTC_3393d 
gmake[1]: Leaving directory '/home/thanh/qf_test/quickfix/CMakeFiles/CMakeTmp'



Determining if files inttypes.h exist passed with the following output:
Change Dir: /home/thanh/qf_test/quickfix/CMakeFiles/CMakeTmp

Run Build Command(s):/usr/bin/gmake -f Makefile cmTC_4697d/fast && /usr/bin/gmake  -f CMakeFiles/cmTC_4697d.dir/build.make CMakeFiles/cmTC_4697d.dir/build
gmake[1]: Entering directory '/home/thanh/qf_test/quickfix/CMakeFiles/CMakeTmp'
Building C object CMakeFiles/cmTC_4697d.dir/HAVE_INTTYPES_H.c.o
/usr/bin/cc    -o CMakeFiles/cmTC_4697d.dir/HAVE_INTTYPES_H.c.o -c /home/thanh/qf_test/quickfix/CMakeFiles/CheckIncludeFiles/HAVE_INTTYPES_H.c
Linking C executable cmTC_4697d
/usr/bin/cmake -E cmake_link_script CMakeFiles/cmTC_4697d.dir/link.txt --verbose=1
/usr/bin/cc CMakeFiles/cmTC_4697d.dir/HAVE_INTTYPES_H.c.o -o cmTC_4697d 
gmake[1]: Leaving directory '/home/thanh/qf_test/quickfix/CMakeFiles/CMakeTmp'



Determining if files stdint.h exist passed with the following output:
Change Dir: /home/thanh/qf_test/quickfix/CMakeFiles/CMakeTmp

Run Build Command(s):/usr/bin/gmake -f Makefile cmTC_e3254/fast && /usr/bin/gmake  -f CMakeFiles/cmTC_e3254.dir/build.make CMakeFiles/cmTC_e3254.dir/build
gmake[1]: Entering directory '/home/thanh/qf_test/quickfix/CMakeFiles/CMakeTmp'
Building C object CMakeFiles/cmTC_e3254.dir/HAVE_STDINT_H.c.o
/usr/bin/cc    -o CMakeFiles/cmTC_e3254.dir/HAVE_STDINT_H.c.o -c /home/thanh/qf_test/quickfix/CMakeFiles/CheckIncludeFiles/HAVE_STDINT_H.c
Linking C executable cmTC_e3254
/usr/bin/cmake -E cmake_link_script CMakeFiles/cmTC_e3254.dir/link.txt --verbose=1
/usr/bin/cc CMakeFiles/cmTC_e3254.dir/HAVE_STDINT_H.c.o -o cmTC_e3254 
gmake[1]: Leaving directory '/home/thanh/qf_test/quickfix/CMakeFiles/CMakeTmp'



Determining if files stdio.h exist passed with the following output:
Change Dir: /home/thanh/qf_test/quickfix/CMakeFiles/CMakeTmp

Run Build Command(s):/usr/bin/gmake -f Makefile cmTC_49993/fast && /usr/bin/gmake  -f CMakeFiles/cmTC_49993.dir/build.make CMakeFiles/cmTC_49993.dir/build
gmake[1]: Entering directory '/home/thanh/qf_test/quickfix/CMakeFiles/CMakeTmp'
Building C object CMakeFiles/cmTC_49993.dir/HAVE_STDIO_H.c.o
/usr/bin/cc    -o CMakeFiles/cmTC_49993.dir/HAVE_STDIO_H.c.o -c /home/thanh/qf_test/quickfix/CMakeFiles/CheckIncludeFiles/HAVE_STDIO_H.c
Linking C executable cmTC_49993
/usr/bin/cmake -E cmake_link_script CMakeFiles/cmTC_49993.dir/link.txt --verbose=1
/usr/bin/cc CMakeFiles/cmTC_49993.dir/HAVE_STDIO_H.c.o -o cmTC_49993 
gmake[1]: Leaving directory '/home/thanh/qf_test/quickfix/CMakeFiles/CMakeTmp'



Determining if files stdlib.h exist passed with the following output:
Change Dir: /home/thanh/qf_test/quickfix/CMakeFiles/CMakeTmp

Run Build Command(s):/usr/bin/gmake -f Makefile cmTC_566e9/fast && /usr/bin/gmake  -f CMakeFiles/cmTC_566e9.dir/build.make CMakeFiles/cmTC_566e9.dir/build
gmake[1]: Entering directory '/home/thanh/qf_test/quickfix/CMakeFiles/CMakeTmp'
Building C object CMakeFiles/cmTC_566e9.dir/HAVE_STDLIB_H.c.o
/usr/bin/cc    -o CMakeFiles/cmTC_566e9.dir/HAVE_STDLIB_H.c.o -c /home/thanh/qf_test/quickfix/CMakeFiles/CheckIncludeFiles/HAVE_STDLIB_H.c
Linking C executable cmTC_566e9
/usr/bin/cmake -E cmake_link_script CMakeFiles/cmTC_566e9.dir/link.txt --verbose=1
/usr/bin/cc CMakeFiles/cmTC_566e9.dir/HAVE_STDLIB_H.c.o -o cmTC_566e9 
gmake[1]: Leaving directory '/home/thanh/qf_test/quickfix/CMakeFiles/CMakeTmp'



Determining if files strings.h exist passed with the following output:
Change Dir: /home/thanh/qf_test/quickfix/CMakeFiles/CMakeTmp

Run Build Command(s):/usr/bin/gmake -f Makefile cmTC_664e1/fast && /usr/bin/gmake  -f CMakeFiles/cmTC_664e1.dir/build.make CMakeFiles/cmTC_664e1.dir/build
gmake[1]: Entering directory '/home/thanh/qf_test/quickfix/CMakeFiles/CMakeTmp'
Building C object CMakeFiles/cmTC_664e1.dir/HAVE_STRINGS_H.c.o
/usr/bin/cc    -o CMakeFiles/cmTC_664e1.dir/HAVE_STRINGS_H.c.o -c /home/thanh/qf_test/quickfix/CMakeFiles/CheckIncludeFiles/HAVE_STRINGS_H.c
Linking C executable cmTC_664e1
/usr/bin/cmake -E cmake_link_script CMakeFiles/cmTC_664e1.dir/link.txt --verbose=1
/usr/bin/cc CMakeFiles/cmTC_664e1.dir/HAVE_STRINGS_H.c.o -o cmTC_664e1 
gmake[1]: Leaving directory '/home/thanh/qf_test/quickfix/CMakeFiles/CMakeTmp'



Determining if files string.h exist passed with the following output:
Change Dir: /home/thanh/qf_test/quickfix/CMakeFiles/CMakeTmp

Run Build Command(s):/usr/bin/gmake -f Makefile cmTC_c6172/fast && /usr/bin/gmake  -f CMakeFiles/cmTC_c6172.dir/build.make CMakeFiles/cmTC_c6172.dir/build
gmake[1]: Entering directory '/home/thanh/qf_test/quickfix/CMakeFiles/CMakeTmp'
Building C object CMakeFiles/cmTC_c6172.dir/HAVE_STRING_H.c.o
/usr/bin/cc    -o CMakeFiles/cmTC_c6172.dir/HAVE_STRING_H.c.o -c /home/thanh/qf_test/quickfix/CMakeFiles/CheckIncludeFiles/HAVE_STRING_H.c
Linking C executable cmTC_c6172
/usr/bin/cmake -E cmake_link_script CMakeFiles/cmTC_c6172.dir/link.txt --verbose=1
/usr/bin/cc CMakeFiles/cmTC_c6172.dir/HAVE_STRING_H.c.o -o cmTC_c6172 
gmake[1]: Leaving directory '/home/thanh/qf_test/quickfix/CMakeFiles/CMakeTmp'



Determining if files sys/stat.h exist passed with the following output:
Change Dir: /home/thanh/qf_test/quickfix/CMakeFiles/CMakeTmp

Run Build Command(s):/usr/bin/gmake -f Makefile cmTC_d3657/fast && /usr/bin/gmake  -f CMakeFiles/cmTC_d3657.dir/build.make CMakeFiles/cmTC_d3657.dir/build
gmake[1]: Entering directory '/home/thanh/qf_test/quickfix/CMakeFiles/CMakeTmp'
Building C object CMakeFiles/cmTC_d3657.dir/HAVE_SYS_STAT_H.c.o
/usr/bin/cc    -o CMakeFiles/cmTC_d3657.dir/HAVE_SYS_STAT_H.c.o -c /home/thanh/qf_test/quickfix/CMakeFiles/CheckIncludeFiles/HAVE_SYS_STAT_H.c
Linking C executable cmTC_d3657
/usr/bin/cmake -E cmake_link_script CMakeFiles/cmTC_d3657.dir/link.txt --verbose=1
/usr/bin/cc CMakeFiles/cmTC_d3657.dir/HAVE_SYS_STAT_H.c.o -o cmTC_d3657 
gmake[1]: Leaving directory '/home/thanh/qf_test/quickfix/CMakeFiles/CMakeTmp'



Determining if files sys/types.h exist passed with the following output:
Change Dir: /home/thanh/qf_test/quickfix/CMakeFiles/CMakeTmp

Run Build Command(s):/usr/bin/gmake -f Makefile cmTC_92e22/fast && /usr/bin/gmake  -f CMakeFiles/cmTC_92e22.dir/build.make CMakeFiles/cmTC_92e22.dir/build
gmake[1]: Entering directory '/home/thanh/qf_test/quickfix/CMakeFiles/CMakeTmp'
Building C object CMakeFiles/cmTC_92e22.dir/HAVE_SYS_TYPES_H.c.o
/usr/bin/cc    -o CMakeFiles/cmTC_92e22.dir/HAVE_SYS_TYPES_H.c.o -c /home/thanh/qf_test/quickfix/CMakeFiles/CheckIncludeFiles/HAVE_SYS_TYPES_H.c
Linking C executable cmTC_92e22
/usr/bin/cmake -E cmake_link_script CMakeFiles/cmTC_92e22.dir/link.txt --verbose=1
/usr/bin/cc CMakeFiles/cmTC_92e22.dir/HAVE_SYS_TYPES_H.c.o -o cmTC_92e22 
gmake[1]: Leaving directory '/home/thanh/qf_test/quickfix/CMakeFiles/CMakeTmp'



Determining if files unistd.h exist passed with the following output:
Change Dir: /home/thanh/qf_test/quickfix/CMakeFiles/CMakeTmp

Run Build Command(s):/usr/bin/gmake -f Makefile cmTC_cec9a/fast && /usr/bin/gmake  -f CMakeFiles/cmTC_cec9a.dir/build.make CMakeFiles/cmTC_cec9a.dir/build
gmake[1]: Entering directory '/home/thanh/qf_test/quickfix/CMakeFiles/CMakeTmp'
Building C object CMakeFiles/cmTC_cec9a.dir/HAVE_UNISTD_H.c.o
/usr/bin/cc    -o CMakeFiles/cmTC_cec9a.dir/HAVE_UNISTD_H.c.o -c /home/thanh/qf_test/quickfix/CMakeFiles/CheckIncludeFiles/HAVE_UNISTD_H.c
Linking C executable cmTC_cec9a
/usr/bin/cmake -E cmake_link_script CMakeFiles/cmTC_cec9a.dir/link.txt --verbose=1
/usr/bin/cc CMakeFiles/cmTC_cec9a.dir/HAVE_UNISTD_H.c.o -o cmTC_cec9a 
gmake[1]: Leaving directory '/home/thanh/qf_test/quickfix/CMakeFiles/CMakeTmp'



Determining if the gettimeofday exist passed with the following output:
Change Dir: /home/thanh/qf_test/quickfix/CMakeFiles/CMakeTmp

Run Build Command(s):/usr/bin/gmake -f Makefile cmTC_b569d/fast && /usr/bin/gmake  -f CMakeFiles/cmTC_b569d.dir/build.make CMakeFiles/cmTC_b569d.dir/build
gmake[1]: Entering directory '/home/thanh/qf_test/quickfix/CMakeFiles/CMakeTmp'
Building C object CMakeFiles/cmTC_b569d.dir/CheckSymbolExists.c.o
/usr/bin/cc    -o CMakeFiles/cmTC_b569d.dir/CheckSymbolExists.c.o -c /home/thanh/qf_test/quickfix/CMakeFiles/CMakeTmp/CheckSymbolExists.c
Linking C executable cmTC_b569d
/usr/bin/cmake -E cmake_link_script CMakeFiles/cmTC_b569d.dir/link.txt --verbose=1
/usr/bin/cc CMakeFiles/cmTC_b569d.dir/CheckSymbolExists.c.o -o cmTC_b569d 
gmake[1]: Leaving directory '/home/thanh/qf_test/quickfix/CMakeFiles/CMakeTmp'


File /home/thanh/qf_test/quickfix/CMakeFiles/CMakeTmp/CheckSymbolExists.c:
/* */
#include <sys/time.h>

int main(int argc, char** argv)
{
  (void)argv;
#ifndef gettimeofday
  return ((int*)(&gettimeofday))[argc];
#else
  (void)argc;
  return 0;
#endif
}
Determining if the function gethostbyname_r exists passed with the following output:
Change Dir: /home/thanh/qf_test/quickfix/CMakeFiles/CMakeTmp

Run Build Command(s):/usr/bin/gmake -f Makefile cmTC_142f3/fast && /usr/bin/gmake  -f CMakeFiles/cmTC_142f3.dir/build.make CMakeFiles/cmTC_142f3.dir/build
gmake[1]: Entering directory '/home/thanh/qf_test/quickfix/CMakeFiles/CMakeTmp'
Building C object CMakeFiles/cmTC_142f3.dir/CheckFunctionExists.c.o
/usr/bin/cc   -DCHECK_FUNCTION_EXISTS=gethostbyname_r -o CMakeFiles/cmTC_142f3.dir/CheckFunctionExists.c.o -c /usr/share/cmake-3.22/Modules/CheckFunctionExists.c
Linking C executable cmTC_142f3
/usr/bin/cmake -E cmake_link_script CMakeFiles/cmTC_142f3.dir/link.txt --verbose=1
/usr/bin/cc  -DCHECK_FUNCTION_EXISTS=gethostbyname_r CMakeFiles/cmTC_142f3.dir/CheckFunctionExists.c.o -o cmTC_142f3 
gmake[1]: Leaving directory '/home/thanh/qf_test/quickfix/CMakeFiles/CMakeTmp'



Determining if the prototype gethostbyname_r exists for HAVE_GETHOSTBYNAME_R_6_ARG passed with the following output:
Change Dir: /home/thanh/qf_test/quickfix/CMakeFiles/CMakeTmp

Run Build Command(s):/usr/bin/gmake -f Makefile cmTC_9cbfa/fast && /usr/bin/gmake  -f CMakeFiles/cmTC_9cbfa.dir/build.make CMakeFiles/cmTC_9cbfa.dir/build
gmake[1]: Entering directory '/home/thanh/qf_test/quickfix/CMakeFiles/CMakeTmp'
Building C object CMakeFiles/cmTC_9cbfa.dir/CheckPrototypeDefinition.c.o
/usr/bin/cc    -o CMakeFiles/cmTC_9cbfa.dir/CheckPrototypeDefinition.c.o -c /home/thanh/qf_test/quickfix/CMakeFiles/CMakeTmp/CheckPrototypeDefinition.c
Linking C executable cmTC_9cbfa
/usr/bin/cmake -E cmake_link_script CMakeFiles/cmTC_9cbfa.dir/link.txt --verbose=1
/usr/bin/cc CMakeFiles/cmTC_9cbfa.dir/CheckPrototypeDefinition.c.o -o cmTC_9cbfa 
gmake[1]: Leaving directory '/home/thanh/qf_test/quickfix/CMakeFiles/CMakeTmp'



